***************************************************************************************************** 
* WARNING: The 2021 software stack is not available on the 'genoa' partition.
Please use the 2022 * 
* software stack. * 
* * 
* If you have any question, please contact us via
http://servicedesk.surfsara.nl. * 
***************************************************************************************************** 
To connect to the notebook type the following command from your local terminal:
ssh -J qiahan@int5-pub.snellius.surf.nl qiahan@fcn1.local.snellius.surf.nl -L 5017:localhost:5017

After connection is established in your local browser go to the address:
http://localhost:5017
[I 2023-09-21 10:42:23.396 ServerApp] Package jupyterlab took 0.0000s to import
[I 2023-09-21 10:42:24.304 ServerApp] Package dask_labextension took 0.9067s to import
[W 2023-09-21 10:42:24.304 ServerApp] A `_jupyter_server_extension_points` function was not found in dask_labextension. Instead, a `_jupyter_server_extension_paths` function was found and will be used for now. This function name will be deprecated in future releases of Jupyter Server.
[I 2023-09-21 10:42:25.048 ServerApp] Package ipyparallel took 0.7444s to import
[W 2023-09-21 10:42:25.049 ServerApp] A `_jupyter_server_extension_points` function was not found in ipyparallel. Instead, a `_jupyter_server_extension_paths` function was found and will be used for now. This function name will be deprecated in future releases of Jupyter Server.
[I 2023-09-21 10:42:25.054 ServerApp] Package jupyter_server_fileid took 0.0055s to import
[I 2023-09-21 10:42:25.058 ServerApp] Package jupyter_server_mathjax took 0.0034s to import
[I 2023-09-21 10:42:25.059 ServerApp] Package jupyter_server_proxy took 0.0000s to import
[I 2023-09-21 10:42:25.073 ServerApp] Package jupyter_server_terminals took 0.0140s to import
[I 2023-09-21 10:42:25.136 ServerApp] Package jupyter_server_ydoc took 0.0629s to import
[I 2023-09-21 10:42:25.176 ServerApp] Package jupyterlab_git took 0.0393s to import
[I 2023-09-21 10:42:25.176 ServerApp] Package nbclassic took 0.0000s to import
[W 2023-09-21 10:42:25.181 ServerApp] A `_jupyter_server_extension_points` function was not found in nbclassic. Instead, a `_jupyter_server_extension_paths` function was found and will be used for now. This function name will be deprecated in future releases of Jupyter Server.
[I 2023-09-21 10:42:25.181 ServerApp] Package nbdime took 0.0000s to import
[I 2023-09-21 10:42:25.181 ServerApp] Package notebook_shim took 0.0000s to import
[W 2023-09-21 10:42:25.181 ServerApp] A `_jupyter_server_extension_points` function was not found in notebook_shim. Instead, a `_jupyter_server_extension_paths` function was found and will be used for now. This function name will be deprecated in future releases of Jupyter Server.
[I 2023-09-21 10:42:25.183 ServerApp] dask_labextension | extension was successfully linked.
[I 2023-09-21 10:42:25.184 ServerApp] ipyparallel | extension was successfully linked.
[I 2023-09-21 10:42:25.192 ServerApp] jupyter_server_fileid | extension was successfully linked.
[I 2023-09-21 10:42:25.200 ServerApp] jupyter_server_mathjax | extension was successfully linked.
[I 2023-09-21 10:42:25.200 ServerApp] jupyter_server_proxy | extension was successfully linked.
[I 2023-09-21 10:42:25.207 ServerApp] jupyter_server_terminals | extension was successfully linked.
[I 2023-09-21 10:42:25.214 ServerApp] jupyter_server_ydoc | extension was successfully linked.
[I 2023-09-21 10:42:25.265 ServerApp] jupyterlab | extension was successfully linked.
[I 2023-09-21 10:42:25.265 ServerApp] jupyterlab_git | extension was successfully linked.
[I 2023-09-21 10:42:25.274 ServerApp] nbclassic | extension was successfully linked.
[I 2023-09-21 10:42:25.274 ServerApp] nbdime | extension was successfully linked.
[I 2023-09-21 10:42:25.294 ServerApp] notebook_shim | extension was successfully linked.
[I 2023-09-21 10:42:25.479 ServerApp] notebook_shim | extension was successfully loaded.
[I 2023-09-21 10:42:25.482 ServerApp] dask_labextension | extension was successfully loaded.
[I 2023-09-21 10:42:25.486 ServerApp] Loading IPython parallel extension
[I 2023-09-21 10:42:25.486 ServerApp] ipyparallel | extension was successfully loaded.
[I 2023-09-21 10:42:25.487 FileIdExtension] Configured File ID manager: ArbitraryFileIdManager
[I 2023-09-21 10:42:25.487 FileIdExtension] ArbitraryFileIdManager : Configured root dir: /gpfs/work2/0/ttse0619/qianqian
[I 2023-09-21 10:42:25.487 FileIdExtension] ArbitraryFileIdManager : Configured database path: /gpfs/home2/qiahan/.local/share/jupyter/file_id_manager.db
[I 2023-09-21 10:42:25.489 FileIdExtension] ArbitraryFileIdManager : Successfully connected to database file.
[I 2023-09-21 10:42:25.489 FileIdExtension] ArbitraryFileIdManager : Creating File ID tables and indices with journal_mode = DELETE
[I 2023-09-21 10:42:25.491 FileIdExtension] Attached event listeners.
[I 2023-09-21 10:42:25.491 ServerApp] jupyter_server_fileid | extension was successfully loaded.
[I 2023-09-21 10:42:25.492 ServerApp] jupyter_server_mathjax | extension was successfully loaded.
[I 2023-09-21 10:42:25.509 ServerApp] jupyter_server_proxy | extension was successfully loaded.
[I 2023-09-21 10:42:25.510 ServerApp] jupyter_server_terminals | extension was successfully loaded.
[I 2023-09-21 10:42:25.510 ServerApp] jupyter_server_ydoc | extension was successfully loaded.
[I 2023-09-21 10:42:25.522 LabApp] JupyterLab extension loaded from /home/qiahan/.conda/envs/mamba/envs/emulator/lib/python3.9/site-packages/jupyterlab
[I 2023-09-21 10:42:25.522 LabApp] JupyterLab application directory is /gpfs/home2/qiahan/.conda/envs/mamba/envs/emulator/share/jupyter/lab
[I 2023-09-21 10:42:25.526 ServerApp] jupyterlab | extension was successfully loaded.
[I 2023-09-21 10:42:25.531 ServerApp] jupyterlab_git | extension was successfully loaded.
[I 2023-09-21 10:42:25.540 ServerApp] nbclassic | extension was successfully loaded.
[I 2023-09-21 10:42:25.837 ServerApp] nbdime | extension was successfully loaded.
[I 2023-09-21 10:42:25.837 ServerApp] Serving notebooks from local directory: /gpfs/work2/0/ttse0619/qianqian
[I 2023-09-21 10:42:25.837 ServerApp] Jupyter Server 2.5.0 is running at:
[I 2023-09-21 10:42:25.837 ServerApp] http://localhost:5017/lab?token=2dcf856cfcc1bf7cf89bb054e53fce897315512b36774cd3
[I 2023-09-21 10:42:25.838 ServerApp]     http://127.0.0.1:5017/lab?token=2dcf856cfcc1bf7cf89bb054e53fce897315512b36774cd3
[I 2023-09-21 10:42:25.838 ServerApp] Use Control-C to stop this server and shut down all kernels (twice to skip confirmation).
[C 2023-09-21 10:42:25.844 ServerApp] 
    
    To access the server, open this file in a browser:
        file:///gpfs/home2/qiahan/.local/share/jupyter/runtime/jpserver-469818-open.html
    Or copy and paste one of these URLs:
        http://localhost:5017/lab?token=2dcf856cfcc1bf7cf89bb054e53fce897315512b36774cd3
        http://127.0.0.1:5017/lab?token=2dcf856cfcc1bf7cf89bb054e53fce897315512b36774cd3
[I 2023-09-21 10:44:53.640 LabApp] Build is up to date
[W 2023-09-21 10:44:56.373 ServerApp] 404 GET /individual-plots.json?1695285882803 (ea14a39b1cda472c894024f5f0b69965@::1) 22.50ms referer=http://localhost:5017/lab
[W 2023-09-21 10:46:02.183 ServerApp] 404 GET /individual-plots.json?1695285948060 (ea14a39b1cda472c894024f5f0b69965@::1) 1.55ms referer=http://localhost:5017/lab
[I 2023-09-21 10:46:02.974 ServerApp] Kernel started: 759e74f9-45b3-438d-b1da-ac27b670d825
[I 2023-09-21 10:46:04.474 ServerApp] Connecting to kernel 759e74f9-45b3-438d-b1da-ac27b670d825.
[I 2023-09-21 10:46:05.042 ServerApp] Connecting to kernel 759e74f9-45b3-438d-b1da-ac27b670d825.
[W 2023-09-21 10:46:05.588 ServerApp] 404 GET /individual-plots.json?1695285952037 (ea14a39b1cda472c894024f5f0b69965@::1) 1.70ms referer=http://localhost:5017/lab/tree/global_data_Qianqian/1input_data/2015global
[I 2023-09-21 10:46:05.925 ServerApp] Connecting to kernel 759e74f9-45b3-438d-b1da-ac27b670d825.
[W 2023-09-21 10:46:12.608 ServerApp] 404 GET /individual-plots.json?1695285959060 (ea14a39b1cda472c894024f5f0b69965@::1) 1.45ms referer=http://localhost:5017/lab/tree/global_data_Qianqian/Emulator
[I 2023-09-21 10:46:24.867 ServerApp] Kernel started: 09fc5bfb-9ba4-4cb8-af6f-1c704f3cfc76
[I 2023-09-21 10:46:27.041 ServerApp] Connecting to kernel 09fc5bfb-9ba4-4cb8-af6f-1c704f3cfc76.
[W 2023-09-21 10:46:30.899 ServerApp] 404 GET /individual-plots.json?1695285977347 (ea14a39b1cda472c894024f5f0b69965@::1) 1.49ms referer=http://localhost:5017/lab/tree/global_data_Qianqian/Emulator/2daskParallel/0921_1year_Europe.ipynb
[I 2023-09-21 10:46:59.956 ServerApp] Saving file at /global_data_Qianqian/Emulator/2daskParallel/0921_1year_Europe.ipynb
[W 2023-09-21 10:47:06.011 ServerApp] 404 GET /individual-plots.json?1695286012457 (ea14a39b1cda472c894024f5f0b69965@::1) 1.58ms referer=http://localhost:5017/lab/tree/global_data_Qianqian/Emulator/2daskParallel/0921_1year_Europe.ipynb
[I 2023-09-21 10:47:46.098 ServerApp] Saving file at /global_data_Qianqian/Emulator/2daskParallel/0921_1year_Europe.ipynb
[W 2023-09-21 10:47:46.336 ServerApp] 404 GET /individual-plots.json?1695286052789 (ea14a39b1cda472c894024f5f0b69965@::1) 1.28ms referer=http://localhost:5017/lab/tree/global_data_Qianqian/Emulator/2daskParallel/0921_1year_Europe.ipynb
[I 2023-09-21 10:47:58.258 ServerApp] Kernel started: 6a3936c6-855a-4c26-aaeb-0528132ac519
[I 2023-09-21 10:47:59.480 ServerApp] Connecting to kernel 6a3936c6-855a-4c26-aaeb-0528132ac519.
[I 2023-09-21 10:48:20.234 ServerApp] Starting buffering for 6a3936c6-855a-4c26-aaeb-0528132ac519:d591972f-6610-46c9-999e-4a4b68536fae
[W 2023-09-21 10:48:44.727 ServerApp] 404 GET /individual-plots.json?1695286111178 (ea14a39b1cda472c894024f5f0b69965@::1) 1.39ms referer=http://localhost:5017/lab/tree/global_data_Qianqian/Emulator/2daskParallel/0921_1year_10degree.ipynb
[W 2023-09-21 10:49:27.775 ServerApp] 404 GET /individual-plots.json?1695286154221 (ea14a39b1cda472c894024f5f0b69965@::1) 1.27ms referer=http://localhost:5017/lab/tree/global_data_Qianqian/Emulator/2daskParallel/0921_1year_10degree.ipynb
[I 2023-09-21 10:49:58.109 ServerApp] Saving file at /global_data_Qianqian/Emulator/2daskParallel/0921_1year_10degree.ipynb
[I 2023-09-21 10:50:21.746 ServerApp] Saving file at /global_data_Qianqian/Emulator/2daskParallel/0921_1year_10degree.ipynb
[W 2023-09-21 10:50:47.170 ServerApp] 404 GET /individual-plots.json?1695286233612 (ea14a39b1cda472c894024f5f0b69965@::1) 1.45ms referer=http://localhost:5017/lab/tree/global_data_Qianqian/Emulator/2daskParallel/0921_1year_10degree.ipynb
[I 2023-09-21 10:51:21.650 ServerApp] Starting buffering for 09fc5bfb-9ba4-4cb8-af6f-1c704f3cfc76:3857d41c-2646-4a08-a989-9c519651e530
[I 2023-09-21 10:51:21.651 ServerApp] Starting buffering for 759e74f9-45b3-438d-b1da-ac27b670d825:880bbf8c-e53d-44dd-b79f-8c975386d092
slurmstepd: error: *** JOB 3909303 ON fcn1 CANCELLED AT 2023-09-21T11:42:27 DUE TO TIME LIMIT ***
slurmstepd: error: container_p_join: setns failed for /slurm/3909303/.ns: Invalid argument
slurmstepd: error: container_g_join(3909303): Invalid argument

JOB STATISTICS
==============
Job ID: 3909303
Cluster: snellius
User/Group: qiahan/qiahan
State: TIMEOUT (exit code 0)
Nodes: 1
Cores per node: 16
CPU Utilized: 00:00:01
CPU Efficiency: 0.00% of 16:06:08 core-walltime
Job Wall-clock time: 01:00:23
Memory Utilized: 315.71 MB
Memory Efficiency: 0.26% of 120.00 GB
