***************************************************************************************************** 
* WARNING: The 2021 software stack is not available on the 'genoa' partition.
Please use the 2022 * 
* software stack. * 
* * 
* If you have any question, please contact us via
http://servicedesk.surfsara.nl. * 
***************************************************************************************************** 
To connect to the notebook type the following command from your local terminal:
ssh -J qiahan@int5-pub.snellius.surf.nl qiahan@fcn39.local.snellius.surf.nl -L 5463:localhost:5463

After connection is established in your local browser go to the address:
http://localhost:5463
[I 2023-09-05 22:24:05.251 ServerApp] Package jupyterlab took 0.0000s to import
[I 2023-09-05 22:24:05.817 ServerApp] Package dask_labextension took 0.5644s to import
[W 2023-09-05 22:24:05.817 ServerApp] A `_jupyter_server_extension_points` function was not found in dask_labextension. Instead, a `_jupyter_server_extension_paths` function was found and will be used for now. This function name will be deprecated in future releases of Jupyter Server.
[I 2023-09-05 22:24:06.409 ServerApp] Package ipyparallel took 0.5921s to import
[W 2023-09-05 22:24:06.410 ServerApp] A `_jupyter_server_extension_points` function was not found in ipyparallel. Instead, a `_jupyter_server_extension_paths` function was found and will be used for now. This function name will be deprecated in future releases of Jupyter Server.
[I 2023-09-05 22:24:06.414 ServerApp] Package jupyter_server_fileid took 0.0031s to import
[I 2023-09-05 22:24:06.416 ServerApp] Package jupyter_server_mathjax took 0.0019s to import
[I 2023-09-05 22:24:06.417 ServerApp] Package jupyter_server_proxy took 0.0000s to import
[I 2023-09-05 22:24:06.475 ServerApp] Package jupyter_server_terminals took 0.0585s to import
[I 2023-09-05 22:24:06.590 ServerApp] Package jupyter_server_ydoc took 0.1138s to import
[I 2023-09-05 22:24:06.770 ServerApp] Package jupyterlab_git took 0.1802s to import
[I 2023-09-05 22:24:06.771 ServerApp] Package nbclassic took 0.0000s to import
[W 2023-09-05 22:24:06.773 ServerApp] A `_jupyter_server_extension_points` function was not found in nbclassic. Instead, a `_jupyter_server_extension_paths` function was found and will be used for now. This function name will be deprecated in future releases of Jupyter Server.
[I 2023-09-05 22:24:06.773 ServerApp] Package nbdime took 0.0000s to import
[I 2023-09-05 22:24:06.773 ServerApp] Package notebook_shim took 0.0000s to import
[W 2023-09-05 22:24:06.774 ServerApp] A `_jupyter_server_extension_points` function was not found in notebook_shim. Instead, a `_jupyter_server_extension_paths` function was found and will be used for now. This function name will be deprecated in future releases of Jupyter Server.
[I 2023-09-05 22:24:06.774 ServerApp] dask_labextension | extension was successfully linked.
[I 2023-09-05 22:24:06.774 ServerApp] ipyparallel | extension was successfully linked.
[I 2023-09-05 22:24:06.782 ServerApp] jupyter_server_fileid | extension was successfully linked.
[I 2023-09-05 22:24:06.789 ServerApp] jupyter_server_mathjax | extension was successfully linked.
[I 2023-09-05 22:24:06.790 ServerApp] jupyter_server_proxy | extension was successfully linked.
[I 2023-09-05 22:24:06.796 ServerApp] jupyter_server_terminals | extension was successfully linked.
[I 2023-09-05 22:24:06.803 ServerApp] jupyter_server_ydoc | extension was successfully linked.
[I 2023-09-05 22:24:06.855 ServerApp] jupyterlab | extension was successfully linked.
[I 2023-09-05 22:24:06.856 ServerApp] jupyterlab_git | extension was successfully linked.
[I 2023-09-05 22:24:06.863 ServerApp] nbclassic | extension was successfully linked.
[I 2023-09-05 22:24:06.863 ServerApp] nbdime | extension was successfully linked.
[I 2023-09-05 22:24:06.873 ServerApp] notebook_shim | extension was successfully linked.
[I 2023-09-05 22:24:07.059 ServerApp] notebook_shim | extension was successfully loaded.
[I 2023-09-05 22:24:07.062 ServerApp] dask_labextension | extension was successfully loaded.
[I 2023-09-05 22:24:07.067 ServerApp] Loading IPython parallel extension
[I 2023-09-05 22:24:07.068 ServerApp] ipyparallel | extension was successfully loaded.
[I 2023-09-05 22:24:07.068 FileIdExtension] Configured File ID manager: ArbitraryFileIdManager
[I 2023-09-05 22:24:07.068 FileIdExtension] ArbitraryFileIdManager : Configured root dir: /gpfs/work2/0/ttse0619/qianqian
[I 2023-09-05 22:24:07.068 FileIdExtension] ArbitraryFileIdManager : Configured database path: /gpfs/home2/qiahan/.local/share/jupyter/file_id_manager.db
[I 2023-09-05 22:24:07.069 FileIdExtension] ArbitraryFileIdManager : Successfully connected to database file.
[I 2023-09-05 22:24:07.069 FileIdExtension] ArbitraryFileIdManager : Creating File ID tables and indices with journal_mode = DELETE
[I 2023-09-05 22:24:07.070 FileIdExtension] Attached event listeners.
[I 2023-09-05 22:24:07.070 ServerApp] jupyter_server_fileid | extension was successfully loaded.
[I 2023-09-05 22:24:07.070 ServerApp] jupyter_server_mathjax | extension was successfully loaded.
[I 2023-09-05 22:24:07.089 ServerApp] jupyter_server_proxy | extension was successfully loaded.
[I 2023-09-05 22:24:07.090 ServerApp] jupyter_server_terminals | extension was successfully loaded.
[I 2023-09-05 22:24:07.091 ServerApp] jupyter_server_ydoc | extension was successfully loaded.
[I 2023-09-05 22:24:07.099 LabApp] JupyterLab extension loaded from /home/qiahan/.conda/envs/mamba/envs/emulator/lib/python3.9/site-packages/jupyterlab
[I 2023-09-05 22:24:07.099 LabApp] JupyterLab application directory is /gpfs/home2/qiahan/.conda/envs/mamba/envs/emulator/share/jupyter/lab
[I 2023-09-05 22:24:07.102 ServerApp] jupyterlab | extension was successfully loaded.
[I 2023-09-05 22:24:07.108 ServerApp] jupyterlab_git | extension was successfully loaded.
[I 2023-09-05 22:24:07.122 ServerApp] nbclassic | extension was successfully loaded.
[I 2023-09-05 22:24:07.361 ServerApp] nbdime | extension was successfully loaded.
[I 2023-09-05 22:24:07.362 ServerApp] Serving notebooks from local directory: /gpfs/work2/0/ttse0619/qianqian
[I 2023-09-05 22:24:07.362 ServerApp] Jupyter Server 2.5.0 is running at:
[I 2023-09-05 22:24:07.362 ServerApp] http://localhost:5463/lab?token=d647860dc3c3bcef3ef850cc296d08cf37dbab0c582c4f4b
[I 2023-09-05 22:24:07.362 ServerApp]     http://127.0.0.1:5463/lab?token=d647860dc3c3bcef3ef850cc296d08cf37dbab0c582c4f4b
[I 2023-09-05 22:24:07.363 ServerApp] Use Control-C to stop this server and shut down all kernels (twice to skip confirmation).
[C 2023-09-05 22:24:07.367 ServerApp] 
    
    To access the server, open this file in a browser:
        file:///gpfs/home2/qiahan/.local/share/jupyter/runtime/jpserver-319707-open.html
    Or copy and paste one of these URLs:
        http://localhost:5463/lab?token=d647860dc3c3bcef3ef850cc296d08cf37dbab0c582c4f4b
        http://127.0.0.1:5463/lab?token=d647860dc3c3bcef3ef850cc296d08cf37dbab0c582c4f4b
[I 2023-09-05 22:24:50.364 LabApp] Generating new user for token-authenticated request: 9834b204d2484e7eafc07fba060f364e
[I 2023-09-05 22:24:59.862 LabApp] Build is up to date
[W 2023-09-05 22:25:01.046 ServerApp] 404 GET /individual-plots.json?1693945500973 (9834b204d2484e7eafc07fba060f364e@::1) 27.19ms referer=http://127.0.0.1:5463/lab
[I 2023-09-05 22:25:05.300 ServerApp] Kernel started: 799d5bf0-0c14-4e5a-b903-926963ed1862
[W 2023-09-05 22:25:05.315 ServerApp] 404 GET /individual-plots.json?1693945505271 (9834b204d2484e7eafc07fba060f364e@::1) 1.64ms referer=http://127.0.0.1:5463/lab/tree/global_data_Qianqian/Emulator/2daskParallel/0905_1year-np_repeat.ipynb
[I 2023-09-05 22:25:06.060 ServerApp] Connecting to kernel 799d5bf0-0c14-4e5a-b903-926963ed1862.
[I 2023-09-05 22:25:06.201 ServerApp] Connecting to kernel 799d5bf0-0c14-4e5a-b903-926963ed1862.
[I 2023-09-05 22:25:06.325 ServerApp] Connecting to kernel 799d5bf0-0c14-4e5a-b903-926963ed1862.
[W 2023-09-05 22:25:16.061 ServerApp] 404 GET /individual-plots.json?1693945516009 (9834b204d2484e7eafc07fba060f364e@::1) 1.21ms referer=http://127.0.0.1:5463/lab/tree/global_data_Qianqian/Emulator/2daskParallel/0905_1year-np_repeat.ipynb
[W 2023-09-05 22:25:47.314 ServerApp] 404 GET /individual-plots.json?1693945547260 (9834b204d2484e7eafc07fba060f364e@::1) 1.67ms referer=http://127.0.0.1:5463/lab/tree/global_data_Qianqian/Emulator/2daskParallel/0905_1year-np_repeat.ipynb
[W 2023-09-05 22:26:42.969 ServerApp] 404 GET /individual-plots.json?1693945602905 (9834b204d2484e7eafc07fba060f364e@::1) 1.41ms referer=http://127.0.0.1:5463/lab/tree/global_data_Qianqian/Emulator/2daskParallel/0905_1year-np_repeat.ipynb
[I 2023-09-05 22:27:05.159 ServerApp] Saving file at /global_data_Qianqian/Emulator/2daskParallel/0905_1year-np_repeat.ipynb
[W 2023-09-05 22:28:33.911 ServerApp] 404 GET /individual-plots.json?1693945713865 (9834b204d2484e7eafc07fba060f364e@::1) 1.53ms referer=http://127.0.0.1:5463/lab/tree/global_data_Qianqian/Emulator/2daskParallel/0905_1year-np_repeat.ipynb
[I 2023-09-05 22:29:05.609 ServerApp] Saving file at /global_data_Qianqian/Emulator/2daskParallel/0905_1year-np_repeat.ipynb
[W 2023-09-05 22:30:33.966 ServerApp] 404 GET /individual-plots.json?1693945833928 (9834b204d2484e7eafc07fba060f364e@::1) 1.91ms referer=http://127.0.0.1:5463/lab/tree/global_data_Qianqian/Emulator/2daskParallel/0905_1year-np_repeat.ipynb
[W 2023-09-05 22:30:38.831 ServerApp] 404 GET /individual-plots.json?1693945838795 (9834b204d2484e7eafc07fba060f364e@::1) 1.58ms referer=http://127.0.0.1:5463/lab/tree/global_data_Qianqian/Emulator/2daskParallel/0905_1year-np_repeat.ipynb
[W 2023-09-05 22:30:43.997 ServerApp] 404 GET /individual-plots.json?1693945843961 (9834b204d2484e7eafc07fba060f364e@::1) 1.55ms referer=http://127.0.0.1:5463/lab/tree/global_data_Qianqian/Emulator/2daskParallel/0905_1year-np_repeat.ipynb
[W 2023-09-05 22:30:55.627 ServerApp] 404 GET /individual-plots.json?1693945855595 (9834b204d2484e7eafc07fba060f364e@::1) 1.25ms referer=http://127.0.0.1:5463/lab/tree/global_data_Qianqian/Emulator/2daskParallel/0905_1year-np_repeat.ipynb
[I 2023-09-05 22:31:06.009 ServerApp] Saving file at /global_data_Qianqian/Emulator/2daskParallel/0905_1year-np_repeat.ipynb
[W 2023-09-05 22:31:18.826 ServerApp] 404 GET /individual-plots.json?1693945878790 (9834b204d2484e7eafc07fba060f364e@::1) 1.73ms referer=http://127.0.0.1:5463/lab/tree/global_data_Qianqian/Emulator/2daskParallel/0905_1year-np_repeat.ipynb
[W 2023-09-05 22:32:10.165 ServerApp] 404 GET /individual-plots.json?1693945930135 (9834b204d2484e7eafc07fba060f364e@::1) 1.43ms referer=http://127.0.0.1:5463/lab/tree/global_data_Qianqian/Emulator/2daskParallel/0905_1year-np_repeat.ipynb
[I 2023-09-05 22:33:06.501 ServerApp] Saving file at /global_data_Qianqian/Emulator/2daskParallel/0905_1year-np_repeat.ipynb
[I 2023-09-05 22:35:07.146 ServerApp] Saving file at /global_data_Qianqian/Emulator/2daskParallel/0905_1year-np_repeat.ipynb
[W 2023-09-05 22:35:39.813 ServerApp] 404 GET /individual-plots.json?1693946139792 (9834b204d2484e7eafc07fba060f364e@::1) 1.61ms referer=http://127.0.0.1:5463/lab/tree/global_data_Qianqian/Emulator/2daskParallel/0905_1year-np_repeat.ipynb
[W 2023-09-05 22:35:46.123 ServerApp] 404 GET /individual-plots.json?1693946146094 (9834b204d2484e7eafc07fba060f364e@::1) 1.34ms referer=http://127.0.0.1:5463/lab/tree/global_data_Qianqian/Emulator/2daskParallel/0905_1year-np_repeat.ipynb
[W 2023-09-05 22:36:03.407 ServerApp] 404 GET /individual-plots.json?1693946163385 (9834b204d2484e7eafc07fba060f364e@::1) 2.01ms referer=http://127.0.0.1:5463/lab/tree/global_data_Qianqian/Emulator/2daskParallel/0905_1year-np_repeat.ipynb
[W 2023-09-05 22:36:17.934 ServerApp] 404 GET /individual-plots.json?1693946177911 (9834b204d2484e7eafc07fba060f364e@::1) 1.57ms referer=http://127.0.0.1:5463/lab/tree/global_data_Qianqian/Emulator/2daskParallel/0905_1year-np_repeat.ipynb
[W 2023-09-05 22:36:55.573 ServerApp] 404 GET /individual-plots.json?1693946215548 (9834b204d2484e7eafc07fba060f364e@::1) 1.33ms referer=http://127.0.0.1:5463/lab/tree/global_data_Qianqian/Emulator/2daskParallel/0905_1year-np_repeat.ipynb
[I 2023-09-05 22:37:07.577 ServerApp] Saving file at /global_data_Qianqian/Emulator/2daskParallel/0905_1year-np_repeat.ipynb
[W 2023-09-05 22:37:21.017 ServerApp] 404 GET /individual-plots.json?1693946240991 (9834b204d2484e7eafc07fba060f364e@::1) 1.53ms referer=http://127.0.0.1:5463/lab/tree/global_data_Qianqian/Emulator/2daskParallel/0905_1year-np_repeat.ipynb
[W 2023-09-05 22:38:04.546 ServerApp] 404 GET /individual-plots.json?1693946284508 (9834b204d2484e7eafc07fba060f364e@::1) 1.51ms referer=http://127.0.0.1:5463/lab/tree/global_data_Qianqian/Emulator/2daskParallel/0905_1year-np_repeat.ipynb
[I 2023-09-05 22:38:06.317 ServerApp] Saving file at /global_data_Qianqian/Emulator/2daskParallel/0905_1year-np_repeat.ipynb
[I 2023-09-05 22:39:12.828 ServerApp] Saving file at /global_data_Qianqian/Emulator/2daskParallel/0905_1year-np_repeat.ipynb
/home/qiahan/.conda/envs/firstEnv/lib/python3.9/site-packages/sklearn/preprocessing/_encoders.py:868: FutureWarning: `sparse` was renamed to `sparse_output` in version 1.2 and will be removed in 1.4. `sparse_output` is ignored unless you leave `sparse` to its default value.
  warnings.warn(
/home/qiahan/.conda/envs/firstEnv/lib/python3.9/site-packages/sklearn/preprocessing/_encoders.py:868: FutureWarning: `sparse` was renamed to `sparse_output` in version 1.2 and will be removed in 1.4. `sparse_output` is ignored unless you leave `sparse` to its default value.
  warnings.warn(
/home/qiahan/.conda/envs/firstEnv/lib/python3.9/site-packages/sklearn/preprocessing/_encoders.py:868: FutureWarning: `sparse` was renamed to `sparse_output` in version 1.2 and will be removed in 1.4. `sparse_output` is ignored unless you leave `sparse` to its default value.
  warnings.warn(
/home/qiahan/.conda/envs/firstEnv/lib/python3.9/site-packages/sklearn/preprocessing/_encoders.py:868: FutureWarning: `sparse` was renamed to `sparse_output` in version 1.2 and will be removed in 1.4. `sparse_output` is ignored unless you leave `sparse` to its default value.
  warnings.warn(
/home/qiahan/.conda/envs/firstEnv/lib/python3.9/site-packages/sklearn/preprocessing/_encoders.py:868: FutureWarning: `sparse` was renamed to `sparse_output` in version 1.2 and will be removed in 1.4. `sparse_output` is ignored unless you leave `sparse` to its default value.
  warnings.warn(
/home/qiahan/.conda/envs/firstEnv/lib/python3.9/site-packages/sklearn/preprocessing/_encoders.py:868: FutureWarning: `sparse` was renamed to `sparse_output` in version 1.2 and will be removed in 1.4. `sparse_output` is ignored unless you leave `sparse` to its default value.
  warnings.warn(
/home/qiahan/.conda/envs/firstEnv/lib/python3.9/site-packages/sklearn/preprocessing/_encoders.py:868: FutureWarning: `sparse` was renamed to `sparse_output` in version 1.2 and will be removed in 1.4. `sparse_output` is ignored unless you leave `sparse` to its default value.
  warnings.warn(
/home/qiahan/.conda/envs/firstEnv/lib/python3.9/site-packages/sklearn/preprocessing/_encoders.py:868: FutureWarning: `sparse` was renamed to `sparse_output` in version 1.2 and will be removed in 1.4. `sparse_output` is ignored unless you leave `sparse` to its default value.
  warnings.warn(
/home/qiahan/.conda/envs/firstEnv/lib/python3.9/site-packages/sklearn/base.py:439: UserWarning: X does not have valid feature names, but RandomForestRegressor was fitted with feature names
  warnings.warn(
/home/qiahan/.conda/envs/firstEnv/lib/python3.9/site-packages/sklearn/base.py:439: UserWarning: X does not have valid feature names, but RandomForestRegressor was fitted with feature names
  warnings.warn(
/home/qiahan/.conda/envs/firstEnv/lib/python3.9/site-packages/sklearn/base.py:439: UserWarning: X does not have valid feature names, but RandomForestRegressor was fitted with feature names
  warnings.warn(
/home/qiahan/.conda/envs/firstEnv/lib/python3.9/site-packages/sklearn/base.py:439: UserWarning: X does not have valid feature names, but RandomForestRegressor was fitted with feature names
  warnings.warn(
/home/qiahan/.conda/envs/firstEnv/lib/python3.9/site-packages/sklearn/base.py:439: UserWarning: X does not have valid feature names, but RandomForestRegressor was fitted with feature names
  warnings.warn(
/home/qiahan/.conda/envs/firstEnv/lib/python3.9/site-packages/sklearn/base.py:439: UserWarning: X does not have valid feature names, but RandomForestRegressor was fitted with feature names
  warnings.warn(
/home/qiahan/.conda/envs/firstEnv/lib/python3.9/site-packages/sklearn/base.py:439: UserWarning: X does not have valid feature names, but RandomForestRegressor was fitted with feature names
  warnings.warn(
/home/qiahan/.conda/envs/firstEnv/lib/python3.9/site-packages/sklearn/base.py:439: UserWarning: X does not have valid feature names, but RandomForestRegressor was fitted with feature names
  warnings.warn(
/home/qiahan/.conda/envs/firstEnv/lib/python3.9/site-packages/sklearn/base.py:439: UserWarning: X does not have valid feature names, but RandomForestRegressor was fitted with feature names
  warnings.warn(
/home/qiahan/.conda/envs/firstEnv/lib/python3.9/site-packages/sklearn/base.py:439: UserWarning: X does not have valid feature names, but RandomForestRegressor was fitted with feature names
  warnings.warn(
/home/qiahan/.conda/envs/firstEnv/lib/python3.9/site-packages/sklearn/base.py:439: UserWarning: X does not have valid feature names, but RandomForestRegressor was fitted with feature names
  warnings.warn(
/home/qiahan/.conda/envs/firstEnv/lib/python3.9/site-packages/sklearn/base.py:439: UserWarning: X does not have valid feature names, but RandomForestRegressor was fitted with feature names
  warnings.warn(
/home/qiahan/.conda/envs/firstEnv/lib/python3.9/site-packages/sklearn/base.py:439: UserWarning: X does not have valid feature names, but RandomForestRegressor was fitted with feature names
  warnings.warn(
/home/qiahan/.conda/envs/firstEnv/lib/python3.9/site-packages/sklearn/base.py:439: UserWarning: X does not have valid feature names, but RandomForestRegressor was fitted with feature names
  warnings.warn(
/home/qiahan/.conda/envs/firstEnv/lib/python3.9/site-packages/sklearn/base.py:439: UserWarning: X does not have valid feature names, but RandomForestRegressor was fitted with feature names
  warnings.warn(
/home/qiahan/.conda/envs/firstEnv/lib/python3.9/site-packages/sklearn/base.py:439: UserWarning: X does not have valid feature names, but RandomForestRegressor was fitted with feature names
  warnings.warn(
/home/qiahan/.conda/envs/firstEnv/lib/python3.9/site-packages/sklearn/base.py:439: UserWarning: X does not have valid feature names, but RandomForestRegressor was fitted with feature names
  warnings.warn(
/home/qiahan/.conda/envs/firstEnv/lib/python3.9/site-packages/sklearn/base.py:439: UserWarning: X does not have valid feature names, but RandomForestRegressor was fitted with feature names
  warnings.warn(
/home/qiahan/.conda/envs/firstEnv/lib/python3.9/site-packages/sklearn/base.py:439: UserWarning: X does not have valid feature names, but RandomForestRegressor was fitted with feature names
  warnings.warn(
/home/qiahan/.conda/envs/firstEnv/lib/python3.9/site-packages/sklearn/base.py:439: UserWarning: X does not have valid feature names, but RandomForestRegressor was fitted with feature names
  warnings.warn(
/home/qiahan/.conda/envs/firstEnv/lib/python3.9/site-packages/sklearn/base.py:439: UserWarning: X does not have valid feature names, but RandomForestRegressor was fitted with feature names
  warnings.warn(
/home/qiahan/.conda/envs/firstEnv/lib/python3.9/site-packages/sklearn/base.py:439: UserWarning: X does not have valid feature names, but RandomForestRegressor was fitted with feature names
  warnings.warn(
/home/qiahan/.conda/envs/firstEnv/lib/python3.9/site-packages/sklearn/base.py:439: UserWarning: X does not have valid feature names, but RandomForestRegressor was fitted with feature names
  warnings.warn(
/home/qiahan/.conda/envs/firstEnv/lib/python3.9/site-packages/sklearn/base.py:439: UserWarning: X does not have valid feature names, but RandomForestRegressor was fitted with feature names
  warnings.warn(
/home/qiahan/.conda/envs/firstEnv/lib/python3.9/site-packages/sklearn/base.py:439: UserWarning: X does not have valid feature names, but RandomForestRegressor was fitted with feature names
  warnings.warn(
/home/qiahan/.conda/envs/firstEnv/lib/python3.9/site-packages/sklearn/base.py:439: UserWarning: X does not have valid feature names, but RandomForestRegressor was fitted with feature names
  warnings.warn(
/home/qiahan/.conda/envs/firstEnv/lib/python3.9/site-packages/sklearn/base.py:439: UserWarning: X does not have valid feature names, but RandomForestRegressor was fitted with feature names
  warnings.warn(
/home/qiahan/.conda/envs/firstEnv/lib/python3.9/site-packages/sklearn/base.py:439: UserWarning: X does not have valid feature names, but RandomForestRegressor was fitted with feature names
  warnings.warn(
/home/qiahan/.conda/envs/firstEnv/lib/python3.9/site-packages/sklearn/base.py:439: UserWarning: X does not have valid feature names, but RandomForestRegressor was fitted with feature names
  warnings.warn(
/home/qiahan/.conda/envs/firstEnv/lib/python3.9/site-packages/sklearn/base.py:439: UserWarning: X does not have valid feature names, but RandomForestRegressor was fitted with feature names
  warnings.warn(
/home/qiahan/.conda/envs/firstEnv/lib/python3.9/site-packages/sklearn/base.py:439: UserWarning: X does not have valid feature names, but RandomForestRegressor was fitted with feature names
  warnings.warn(
/home/qiahan/.conda/envs/firstEnv/lib/python3.9/site-packages/sklearn/base.py:439: UserWarning: X does not have valid feature names, but RandomForestRegressor was fitted with feature names
  warnings.warn(
/home/qiahan/.conda/envs/firstEnv/lib/python3.9/site-packages/sklearn/base.py:439: UserWarning: X does not have valid feature names, but RandomForestRegressor was fitted with feature names
  warnings.warn(
/home/qiahan/.conda/envs/firstEnv/lib/python3.9/site-packages/sklearn/base.py:439: UserWarning: X does not have valid feature names, but RandomForestRegressor was fitted with feature names
  warnings.warn(
/home/qiahan/.conda/envs/firstEnv/lib/python3.9/site-packages/sklearn/base.py:439: UserWarning: X does not have valid feature names, but RandomForestRegressor was fitted with feature names
  warnings.warn(
/home/qiahan/.conda/envs/firstEnv/lib/python3.9/site-packages/sklearn/preprocessing/_encoders.py:868: FutureWarning: `sparse` was renamed to `sparse_output` in version 1.2 and will be removed in 1.4. `sparse_output` is ignored unless you leave `sparse` to its default value.
  warnings.warn(
[W 2023-09-05 22:39:34.330 ServerApp] 404 GET /individual-plots.json?1693946374269 (9834b204d2484e7eafc07fba060f364e@::1) 1.73ms referer=http://127.0.0.1:5463/lab/tree/global_data_Qianqian/Emulator/2daskParallel/0905_1year-np_repeat.ipynb
/home/qiahan/.conda/envs/firstEnv/lib/python3.9/site-packages/sklearn/base.py:439: UserWarning: X does not have valid feature names, but RandomForestRegressor was fitted with feature names
  warnings.warn(
/home/qiahan/.conda/envs/firstEnv/lib/python3.9/site-packages/sklearn/base.py:439: UserWarning: X does not have valid feature names, but RandomForestRegressor was fitted with feature names
  warnings.warn(
/home/qiahan/.conda/envs/firstEnv/lib/python3.9/site-packages/sklearn/base.py:439: UserWarning: X does not have valid feature names, but RandomForestRegressor was fitted with feature names
  warnings.warn(
/home/qiahan/.conda/envs/firstEnv/lib/python3.9/site-packages/sklearn/base.py:439: UserWarning: X does not have valid feature names, but RandomForestRegressor was fitted with feature names
  warnings.warn(
/home/qiahan/.conda/envs/firstEnv/lib/python3.9/site-packages/sklearn/base.py:439: UserWarning: X does not have valid feature names, but RandomForestRegressor was fitted with feature names
  warnings.warn(
/home/qiahan/.conda/envs/firstEnv/lib/python3.9/site-packages/sklearn/base.py:439: UserWarning: X does not have valid feature names, but RandomForestRegressor was fitted with feature names
  warnings.warn(
/home/qiahan/.conda/envs/firstEnv/lib/python3.9/site-packages/sklearn/base.py:439: UserWarning: X does not have valid feature names, but RandomForestRegressor was fitted with feature names
  warnings.warn(
/home/qiahan/.conda/envs/firstEnv/lib/python3.9/site-packages/sklearn/base.py:439: UserWarning: X does not have valid feature names, but RandomForestRegressor was fitted with feature names
  warnings.warn(
/home/qiahan/.conda/envs/firstEnv/lib/python3.9/site-packages/sklearn/base.py:439: UserWarning: X does not have valid feature names, but RandomForestRegressor was fitted with feature names
  warnings.warn(
/home/qiahan/.conda/envs/firstEnv/lib/python3.9/site-packages/sklearn/base.py:439: UserWarning: X does not have valid feature names, but RandomForestRegressor was fitted with feature names
  warnings.warn(
/home/qiahan/.conda/envs/firstEnv/lib/python3.9/site-packages/sklearn/base.py:439: UserWarning: X does not have valid feature names, but RandomForestRegressor was fitted with feature names
  warnings.warn(
/home/qiahan/.conda/envs/firstEnv/lib/python3.9/site-packages/sklearn/base.py:439: UserWarning: X does not have valid feature names, but RandomForestRegressor was fitted with feature names
  warnings.warn(
/home/qiahan/.conda/envs/firstEnv/lib/python3.9/site-packages/sklearn/base.py:439: UserWarning: X does not have valid feature names, but RandomForestRegressor was fitted with feature names
  warnings.warn(
/home/qiahan/.conda/envs/firstEnv/lib/python3.9/site-packages/sklearn/base.py:439: UserWarning: X does not have valid feature names, but RandomForestRegressor was fitted with feature names
  warnings.warn(
/home/qiahan/.conda/envs/firstEnv/lib/python3.9/site-packages/sklearn/base.py:439: UserWarning: X does not have valid feature names, but RandomForestRegressor was fitted with feature names
  warnings.warn(
/home/qiahan/.conda/envs/firstEnv/lib/python3.9/site-packages/sklearn/base.py:439: UserWarning: X does not have valid feature names, but RandomForestRegressor was fitted with feature names
  warnings.warn(
/home/qiahan/.conda/envs/firstEnv/lib/python3.9/site-packages/sklearn/base.py:439: UserWarning: X does not have valid feature names, but RandomForestRegressor was fitted with feature names
  warnings.warn(
/home/qiahan/.conda/envs/firstEnv/lib/python3.9/site-packages/sklearn/base.py:439: UserWarning: X does not have valid feature names, but RandomForestRegressor was fitted with feature names
  warnings.warn(
/home/qiahan/.conda/envs/firstEnv/lib/python3.9/site-packages/sklearn/base.py:439: UserWarning: X does not have valid feature names, but RandomForestRegressor was fitted with feature names
  warnings.warn(
/home/qiahan/.conda/envs/firstEnv/lib/python3.9/site-packages/sklearn/base.py:439: UserWarning: X does not have valid feature names, but RandomForestRegressor was fitted with feature names
  warnings.warn(
/home/qiahan/.conda/envs/firstEnv/lib/python3.9/site-packages/sklearn/base.py:439: UserWarning: X does not have valid feature names, but RandomForestRegressor was fitted with feature names
  warnings.warn(
/home/qiahan/.conda/envs/firstEnv/lib/python3.9/site-packages/sklearn/base.py:439: UserWarning: X does not have valid feature names, but RandomForestRegressor was fitted with feature names
  warnings.warn(
/home/qiahan/.conda/envs/firstEnv/lib/python3.9/site-packages/sklearn/base.py:439: UserWarning: X does not have valid feature names, but RandomForestRegressor was fitted with feature names
  warnings.warn(
/home/qiahan/.conda/envs/firstEnv/lib/python3.9/site-packages/sklearn/base.py:439: UserWarning: X does not have valid feature names, but RandomForestRegressor was fitted with feature names
  warnings.warn(
/home/qiahan/.conda/envs/firstEnv/lib/python3.9/site-packages/sklearn/base.py:439: UserWarning: X does not have valid feature names, but RandomForestRegressor was fitted with feature names
  warnings.warn(
/home/qiahan/.conda/envs/firstEnv/lib/python3.9/site-packages/sklearn/base.py:439: UserWarning: X does not have valid feature names, but RandomForestRegressor was fitted with feature names
  warnings.warn(
/home/qiahan/.conda/envs/firstEnv/lib/python3.9/site-packages/sklearn/base.py:439: UserWarning: X does not have valid feature names, but RandomForestRegressor was fitted with feature names
  warnings.warn(
/home/qiahan/.conda/envs/firstEnv/lib/python3.9/site-packages/sklearn/base.py:439: UserWarning: X does not have valid feature names, but RandomForestRegressor was fitted with feature names
  warnings.warn(
[I 2023-09-05 22:40:15.987 ServerApp] Saving file at /global_data_Qianqian/Emulator/2daskParallel/0905_1year-np_repeat.ipynb
[I 2023-09-05 22:40:32.125 ServerApp] Saving file at /global_data_Qianqian/Emulator/2daskParallel/0905_1year-np_repeat.ipynb
[W 2023-09-05 22:40:33.034 ServerApp] 404 GET /individual-plots.json?1693946432974 (9834b204d2484e7eafc07fba060f364e@::1) 2.01ms referer=http://127.0.0.1:5463/lab/tree/global_data_Qianqian/Emulator/2daskParallel/0905_1year-np_repeat.ipynb
[I 2023-09-05 22:41:07.486 ServerApp] Saving file at /global_data_Qianqian/Emulator/2daskParallel/0905_1year-np_repeat.ipynb
[W 2023-09-05 22:41:18.614 ServerApp] 404 GET /individual-plots.json?1693946478568 (9834b204d2484e7eafc07fba060f364e@::1) 2.05ms referer=http://127.0.0.1:5463/lab/tree/global_data_Qianqian/Emulator/2daskParallel/0905_1year-np_repeat.ipynb
/home/qiahan/.conda/envs/firstEnv/lib/python3.9/site-packages/sklearn/preprocessing/_encoders.py:868: FutureWarning: `sparse` was renamed to `sparse_output` in version 1.2 and will be removed in 1.4. `sparse_output` is ignored unless you leave `sparse` to its default value.
  warnings.warn(
/home/qiahan/.conda/envs/firstEnv/lib/python3.9/site-packages/sklearn/preprocessing/_encoders.py:868: FutureWarning: `sparse` was renamed to `sparse_output` in version 1.2 and will be removed in 1.4. `sparse_output` is ignored unless you leave `sparse` to its default value.
  warnings.warn(
/home/qiahan/.conda/envs/firstEnv/lib/python3.9/site-packages/sklearn/preprocessing/_encoders.py:868: FutureWarning: `sparse` was renamed to `sparse_output` in version 1.2 and will be removed in 1.4. `sparse_output` is ignored unless you leave `sparse` to its default value.
  warnings.warn(
/home/qiahan/.conda/envs/firstEnv/lib/python3.9/site-packages/sklearn/preprocessing/_encoders.py:868: FutureWarning: `sparse` was renamed to `sparse_output` in version 1.2 and will be removed in 1.4. `sparse_output` is ignored unless you leave `sparse` to its default value.
  warnings.warn(
/home/qiahan/.conda/envs/firstEnv/lib/python3.9/site-packages/sklearn/preprocessing/_encoders.py:868: FutureWarning: `sparse` was renamed to `sparse_output` in version 1.2 and will be removed in 1.4. `sparse_output` is ignored unless you leave `sparse` to its default value.
  warnings.warn(
/home/qiahan/.conda/envs/firstEnv/lib/python3.9/site-packages/sklearn/preprocessing/_encoders.py:868: FutureWarning: `sparse` was renamed to `sparse_output` in version 1.2 and will be removed in 1.4. `sparse_output` is ignored unless you leave `sparse` to its default value.
  warnings.warn(
/home/qiahan/.conda/envs/firstEnv/lib/python3.9/site-packages/sklearn/preprocessing/_encoders.py:868: FutureWarning: `sparse` was renamed to `sparse_output` in version 1.2 and will be removed in 1.4. `sparse_output` is ignored unless you leave `sparse` to its default value.
  warnings.warn(
/home/qiahan/.conda/envs/firstEnv/lib/python3.9/site-packages/sklearn/preprocessing/_encoders.py:868: FutureWarning: `sparse` was renamed to `sparse_output` in version 1.2 and will be removed in 1.4. `sparse_output` is ignored unless you leave `sparse` to its default value.
  warnings.warn(
/home/qiahan/.conda/envs/firstEnv/lib/python3.9/site-packages/sklearn/base.py:439: UserWarning: X does not have valid feature names, but RandomForestRegressor was fitted with feature names
  warnings.warn(
/home/qiahan/.conda/envs/firstEnv/lib/python3.9/site-packages/sklearn/base.py:439: UserWarning: X does not have valid feature names, but RandomForestRegressor was fitted with feature names
  warnings.warn(
/home/qiahan/.conda/envs/firstEnv/lib/python3.9/site-packages/sklearn/base.py:439: UserWarning: X does not have valid feature names, but RandomForestRegressor was fitted with feature names
  warnings.warn(
/home/qiahan/.conda/envs/firstEnv/lib/python3.9/site-packages/sklearn/base.py:439: UserWarning: X does not have valid feature names, but RandomForestRegressor was fitted with feature names
  warnings.warn(
/home/qiahan/.conda/envs/firstEnv/lib/python3.9/site-packages/sklearn/base.py:439: UserWarning: X does not have valid feature names, but RandomForestRegressor was fitted with feature names
  warnings.warn(
/home/qiahan/.conda/envs/firstEnv/lib/python3.9/site-packages/sklearn/base.py:439: UserWarning: X does not have valid feature names, but RandomForestRegressor was fitted with feature names
  warnings.warn(
/home/qiahan/.conda/envs/firstEnv/lib/python3.9/site-packages/sklearn/base.py:439: UserWarning: X does not have valid feature names, but RandomForestRegressor was fitted with feature names
  warnings.warn(
/home/qiahan/.conda/envs/firstEnv/lib/python3.9/site-packages/sklearn/base.py:439: UserWarning: X does not have valid feature names, but RandomForestRegressor was fitted with feature names
  warnings.warn(
/home/qiahan/.conda/envs/firstEnv/lib/python3.9/site-packages/sklearn/base.py:439: UserWarning: X does not have valid feature names, but RandomForestRegressor was fitted with feature names
  warnings.warn(
/home/qiahan/.conda/envs/firstEnv/lib/python3.9/site-packages/sklearn/base.py:439: UserWarning: X does not have valid feature names, but RandomForestRegressor was fitted with feature names
  warnings.warn(
/home/qiahan/.conda/envs/firstEnv/lib/python3.9/site-packages/sklearn/base.py:439: UserWarning: X does not have valid feature names, but RandomForestRegressor was fitted with feature names
  warnings.warn(
/home/qiahan/.conda/envs/firstEnv/lib/python3.9/site-packages/sklearn/base.py:439: UserWarning: X does not have valid feature names, but RandomForestRegressor was fitted with feature names
  warnings.warn(
/home/qiahan/.conda/envs/firstEnv/lib/python3.9/site-packages/sklearn/base.py:439: UserWarning: X does not have valid feature names, but RandomForestRegressor was fitted with feature names
  warnings.warn(
/home/qiahan/.conda/envs/firstEnv/lib/python3.9/site-packages/sklearn/base.py:439: UserWarning: X does not have valid feature names, but RandomForestRegressor was fitted with feature names
  warnings.warn(
/home/qiahan/.conda/envs/firstEnv/lib/python3.9/site-packages/sklearn/base.py:439: UserWarning: X does not have valid feature names, but RandomForestRegressor was fitted with feature names
  warnings.warn(
/home/qiahan/.conda/envs/firstEnv/lib/python3.9/site-packages/sklearn/base.py:439: UserWarning: X does not have valid feature names, but RandomForestRegressor was fitted with feature names
  warnings.warn(
/home/qiahan/.conda/envs/firstEnv/lib/python3.9/site-packages/sklearn/base.py:439: UserWarning: X does not have valid feature names, but RandomForestRegressor was fitted with feature names
  warnings.warn(
/home/qiahan/.conda/envs/firstEnv/lib/python3.9/site-packages/sklearn/base.py:439: UserWarning: X does not have valid feature names, but RandomForestRegressor was fitted with feature names
  warnings.warn(
/home/qiahan/.conda/envs/firstEnv/lib/python3.9/site-packages/sklearn/base.py:439: UserWarning: X does not have valid feature names, but RandomForestRegressor was fitted with feature names
  warnings.warn(
/home/qiahan/.conda/envs/firstEnv/lib/python3.9/site-packages/sklearn/base.py:439: UserWarning: X does not have valid feature names, but RandomForestRegressor was fitted with feature names
  warnings.warn(
/home/qiahan/.conda/envs/firstEnv/lib/python3.9/site-packages/sklearn/base.py:439: UserWarning: X does not have valid feature names, but RandomForestRegressor was fitted with feature names
  warnings.warn(
/home/qiahan/.conda/envs/firstEnv/lib/python3.9/site-packages/sklearn/base.py:439: UserWarning: X does not have valid feature names, but RandomForestRegressor was fitted with feature names
  warnings.warn(
/home/qiahan/.conda/envs/firstEnv/lib/python3.9/site-packages/sklearn/base.py:439: UserWarning: X does not have valid feature names, but RandomForestRegressor was fitted with feature names
  warnings.warn(
/home/qiahan/.conda/envs/firstEnv/lib/python3.9/site-packages/sklearn/base.py:439: UserWarning: X does not have valid feature names, but RandomForestRegressor was fitted with feature names
  warnings.warn(
/home/qiahan/.conda/envs/firstEnv/lib/python3.9/site-packages/sklearn/base.py:439: UserWarning: X does not have valid feature names, but RandomForestRegressor was fitted with feature names
  warnings.warn(
/home/qiahan/.conda/envs/firstEnv/lib/python3.9/site-packages/sklearn/base.py:439: UserWarning: X does not have valid feature names, but RandomForestRegressor was fitted with feature names
  warnings.warn(
/home/qiahan/.conda/envs/firstEnv/lib/python3.9/site-packages/sklearn/base.py:439: UserWarning: X does not have valid feature names, but RandomForestRegressor was fitted with feature names
  warnings.warn(
/home/qiahan/.conda/envs/firstEnv/lib/python3.9/site-packages/sklearn/base.py:439: UserWarning: X does not have valid feature names, but RandomForestRegressor was fitted with feature names
  warnings.warn(
/home/qiahan/.conda/envs/firstEnv/lib/python3.9/site-packages/sklearn/base.py:439: UserWarning: X does not have valid feature names, but RandomForestRegressor was fitted with feature names
  warnings.warn(
/home/qiahan/.conda/envs/firstEnv/lib/python3.9/site-packages/sklearn/base.py:439: UserWarning: X does not have valid feature names, but RandomForestRegressor was fitted with feature names
  warnings.warn(
/home/qiahan/.conda/envs/firstEnv/lib/python3.9/site-packages/sklearn/base.py:439: UserWarning: X does not have valid feature names, but RandomForestRegressor was fitted with feature names
  warnings.warn(
/home/qiahan/.conda/envs/firstEnv/lib/python3.9/site-packages/sklearn/base.py:439: UserWarning: X does not have valid feature names, but RandomForestRegressor was fitted with feature names
  warnings.warn(
/home/qiahan/.conda/envs/firstEnv/lib/python3.9/site-packages/sklearn/base.py:439: UserWarning: X does not have valid feature names, but RandomForestRegressor was fitted with feature names
  warnings.warn(
/home/qiahan/.conda/envs/firstEnv/lib/python3.9/site-packages/sklearn/base.py:439: UserWarning: X does not have valid feature names, but RandomForestRegressor was fitted with feature names
  warnings.warn(
/home/qiahan/.conda/envs/firstEnv/lib/python3.9/site-packages/sklearn/preprocessing/_encoders.py:868: FutureWarning: `sparse` was renamed to `sparse_output` in version 1.2 and will be removed in 1.4. `sparse_output` is ignored unless you leave `sparse` to its default value.
  warnings.warn(
/home/qiahan/.conda/envs/firstEnv/lib/python3.9/site-packages/sklearn/base.py:439: UserWarning: X does not have valid feature names, but RandomForestRegressor was fitted with feature names
  warnings.warn(
/home/qiahan/.conda/envs/firstEnv/lib/python3.9/site-packages/sklearn/base.py:439: UserWarning: X does not have valid feature names, but RandomForestRegressor was fitted with feature names
  warnings.warn(
/home/qiahan/.conda/envs/firstEnv/lib/python3.9/site-packages/sklearn/base.py:439: UserWarning: X does not have valid feature names, but RandomForestRegressor was fitted with feature names
  warnings.warn(
/home/qiahan/.conda/envs/firstEnv/lib/python3.9/site-packages/sklearn/base.py:439: UserWarning: X does not have valid feature names, but RandomForestRegressor was fitted with feature names
  warnings.warn(
/home/qiahan/.conda/envs/firstEnv/lib/python3.9/site-packages/sklearn/base.py:439: UserWarning: X does not have valid feature names, but RandomForestRegressor was fitted with feature names
  warnings.warn(
/home/qiahan/.conda/envs/firstEnv/lib/python3.9/site-packages/sklearn/base.py:439: UserWarning: X does not have valid feature names, but RandomForestRegressor was fitted with feature names
  warnings.warn(
/home/qiahan/.conda/envs/firstEnv/lib/python3.9/site-packages/sklearn/base.py:439: UserWarning: X does not have valid feature names, but RandomForestRegressor was fitted with feature names
  warnings.warn(
/home/qiahan/.conda/envs/firstEnv/lib/python3.9/site-packages/sklearn/base.py:439: UserWarning: X does not have valid feature names, but RandomForestRegressor was fitted with feature names
  warnings.warn(
/home/qiahan/.conda/envs/firstEnv/lib/python3.9/site-packages/sklearn/base.py:439: UserWarning: X does not have valid feature names, but RandomForestRegressor was fitted with feature names
  warnings.warn(
/home/qiahan/.conda/envs/firstEnv/lib/python3.9/site-packages/sklearn/base.py:439: UserWarning: X does not have valid feature names, but RandomForestRegressor was fitted with feature names
  warnings.warn(
/home/qiahan/.conda/envs/firstEnv/lib/python3.9/site-packages/sklearn/base.py:439: UserWarning: X does not have valid feature names, but RandomForestRegressor was fitted with feature names
  warnings.warn(
/home/qiahan/.conda/envs/firstEnv/lib/python3.9/site-packages/sklearn/base.py:439: UserWarning: X does not have valid feature names, but RandomForestRegressor was fitted with feature names
  warnings.warn(
/home/qiahan/.conda/envs/firstEnv/lib/python3.9/site-packages/sklearn/base.py:439: UserWarning: X does not have valid feature names, but RandomForestRegressor was fitted with feature names
  warnings.warn(
/home/qiahan/.conda/envs/firstEnv/lib/python3.9/site-packages/sklearn/base.py:439: UserWarning: X does not have valid feature names, but RandomForestRegressor was fitted with feature names
  warnings.warn(
/home/qiahan/.conda/envs/firstEnv/lib/python3.9/site-packages/sklearn/base.py:439: UserWarning: X does not have valid feature names, but RandomForestRegressor was fitted with feature names
  warnings.warn(
/home/qiahan/.conda/envs/firstEnv/lib/python3.9/site-packages/sklearn/base.py:439: UserWarning: X does not have valid feature names, but RandomForestRegressor was fitted with feature names
  warnings.warn(
/home/qiahan/.conda/envs/firstEnv/lib/python3.9/site-packages/sklearn/base.py:439: UserWarning: X does not have valid feature names, but RandomForestRegressor was fitted with feature names
  warnings.warn(
/home/qiahan/.conda/envs/firstEnv/lib/python3.9/site-packages/sklearn/base.py:439: UserWarning: X does not have valid feature names, but RandomForestRegressor was fitted with feature names
  warnings.warn(
/home/qiahan/.conda/envs/firstEnv/lib/python3.9/site-packages/sklearn/base.py:439: UserWarning: X does not have valid feature names, but RandomForestRegressor was fitted with feature names
  warnings.warn(
/home/qiahan/.conda/envs/firstEnv/lib/python3.9/site-packages/sklearn/base.py:439: UserWarning: X does not have valid feature names, but RandomForestRegressor was fitted with feature names
  warnings.warn(
/home/qiahan/.conda/envs/firstEnv/lib/python3.9/site-packages/sklearn/base.py:439: UserWarning: X does not have valid feature names, but RandomForestRegressor was fitted with feature names
  warnings.warn(
/home/qiahan/.conda/envs/firstEnv/lib/python3.9/site-packages/sklearn/base.py:439: UserWarning: X does not have valid feature names, but RandomForestRegressor was fitted with feature names
  warnings.warn(
/home/qiahan/.conda/envs/firstEnv/lib/python3.9/site-packages/sklearn/base.py:439: UserWarning: X does not have valid feature names, but RandomForestRegressor was fitted with feature names
  warnings.warn(
/home/qiahan/.conda/envs/firstEnv/lib/python3.9/site-packages/sklearn/base.py:439: UserWarning: X does not have valid feature names, but RandomForestRegressor was fitted with feature names
  warnings.warn(
/home/qiahan/.conda/envs/firstEnv/lib/python3.9/site-packages/sklearn/base.py:439: UserWarning: X does not have valid feature names, but RandomForestRegressor was fitted with feature names
  warnings.warn(
/home/qiahan/.conda/envs/firstEnv/lib/python3.9/site-packages/sklearn/base.py:439: UserWarning: X does not have valid feature names, but RandomForestRegressor was fitted with feature names
  warnings.warn(
/home/qiahan/.conda/envs/firstEnv/lib/python3.9/site-packages/sklearn/base.py:439: UserWarning: X does not have valid feature names, but RandomForestRegressor was fitted with feature names
  warnings.warn(
/home/qiahan/.conda/envs/firstEnv/lib/python3.9/site-packages/sklearn/base.py:439: UserWarning: X does not have valid feature names, but RandomForestRegressor was fitted with feature names
  warnings.warn(
/home/qiahan/.conda/envs/firstEnv/lib/python3.9/site-packages/sklearn/base.py:439: UserWarning: X does not have valid feature names, but RandomForestRegressor was fitted with feature names
  warnings.warn(
[I 2023-09-05 22:43:05.500 ServerApp] Kernel started: 44997fc5-5b6a-4f2c-96b9-982dbdf473ab
[I 2023-09-05 22:43:06.560 ServerApp] Connecting to kernel 44997fc5-5b6a-4f2c-96b9-982dbdf473ab.
[I 2023-09-05 22:43:07.845 ServerApp] Saving file at /global_data_Qianqian/Emulator/2daskParallel/0905_1year-np_repeat.ipynb
[W 2023-09-05 22:43:18.658 ServerApp] 404 GET /individual-plots.json?1693946598638 (9834b204d2484e7eafc07fba060f364e@::1) 1.71ms referer=http://127.0.0.1:5463/lab/tree/global_data_Qianqian/Emulator/2daskParallel/0905_2000steps.ipynb
[I 2023-09-05 22:43:26.917 ServerApp] Starting buffering for 44997fc5-5b6a-4f2c-96b9-982dbdf473ab:759a292b-afe3-4a44-9487-75d0178005dc
[W 2023-09-05 22:45:39.059 ServerApp] 404 GET /individual-plots.json?1693946738943 (9834b204d2484e7eafc07fba060f364e@::1) 1.24ms referer=http://127.0.0.1:5463/lab/tree/global_data_Qianqian/Emulator/2daskParallel/0905_1year-np_repeat.ipynb
[W 2023-09-05 22:45:47.950 ServerApp] 404 GET /individual-plots.json?1693946747925 (9834b204d2484e7eafc07fba060f364e@::1) 1.41ms referer=http://127.0.0.1:5463/lab/tree/global_data_Qianqian/Emulator/2daskParallel/0905_1year-np_repeat.ipynb
[W 2023-09-05 22:46:14.000 ServerApp] 404 GET /individual-plots.json?1693946773979 (9834b204d2484e7eafc07fba060f364e@::1) 1.41ms referer=http://127.0.0.1:5463/lab/tree/global_data_Qianqian/Emulator/2daskParallel/0905_1year-np_repeat.ipynb
[W 2023-09-05 22:46:19.203 ServerApp] 404 GET /individual-plots.json?1693946779174 (9834b204d2484e7eafc07fba060f364e@::1) 1.54ms referer=http://127.0.0.1:5463/lab/tree/global_data_Qianqian/Emulator/2daskParallel/0905_1year-np_repeat.ipynb
[I 2023-09-05 22:46:33.324 ServerApp] Saving file at /global_data_Qianqian/Emulator/2daskParallel/0905_1year-np_repeat.ipynb
[W 2023-09-05 22:46:34.394 ServerApp] 404 GET /individual-plots.json?1693946794372 (9834b204d2484e7eafc07fba060f364e@::1) 1.87ms referer=http://127.0.0.1:5463/lab/tree/global_data_Qianqian/Emulator/2daskParallel/0905_1year-np_repeat.ipynb
[W 2023-09-05 22:48:08.943 ServerApp] 404 GET /individual-plots.json?1693946888925 (9834b204d2484e7eafc07fba060f364e@::1) 1.63ms referer=http://127.0.0.1:5463/lab/tree/global_data_Qianqian/Emulator/2daskParallel/0905_1year-np_repeat.ipynb
[W 2023-09-05 22:48:14.670 ServerApp] 404 GET /individual-plots.json?1693946894644 (9834b204d2484e7eafc07fba060f364e@::1) 1.23ms referer=http://127.0.0.1:5463/lab/tree/global_data_Qianqian/Emulator/2daskParallel/0905_1year-np_repeat.ipynb
[W 2023-09-05 22:48:20.078 ServerApp] 404 GET /individual-plots.json?1693946900056 (9834b204d2484e7eafc07fba060f364e@::1) 1.40ms referer=http://127.0.0.1:5463/lab/tree/global_data_Qianqian/Emulator/2daskParallel/0905_1year-np_repeat.ipynb
[W 2023-09-05 22:48:25.562 ServerApp] 404 GET /individual-plots.json?1693946905530 (9834b204d2484e7eafc07fba060f364e@::1) 1.39ms referer=http://127.0.0.1:5463/lab/tree/global_data_Qianqian/Emulator/2daskParallel/0905_1year-np_repeat.ipynb
[I 2023-09-05 22:48:33.721 ServerApp] Saving file at /global_data_Qianqian/Emulator/2daskParallel/0905_1year-np_repeat.ipynb
[W 2023-09-05 22:48:33.746 ServerApp] 404 GET /individual-plots.json?1693946913699 (9834b204d2484e7eafc07fba060f364e@::1) 14.35ms referer=http://127.0.0.1:5463/lab/tree/global_data_Qianqian/Emulator/2daskParallel/0905_1year-np_repeat.ipynb
[I 2023-09-05 22:48:51.362 ServerApp] Saving file at /global_data_Qianqian/Emulator/2daskParallel/0905_1year-np_repeat.ipynb
[W 2023-09-05 22:48:52.372 ServerApp] 404 GET /individual-plots.json?1693946932353 (9834b204d2484e7eafc07fba060f364e@::1) 1.98ms referer=http://127.0.0.1:5463/lab/tree/global_data_Qianqian/Emulator/2daskParallel/0905_1year-np_repeat.ipynb
[W 2023-09-05 22:49:19.389 ServerApp] 404 GET /individual-plots.json?1693946959357 (9834b204d2484e7eafc07fba060f364e@::1) 1.29ms referer=http://127.0.0.1:5463/lab/tree/global_data_Qianqian/Emulator/2daskParallel/0905_1year-np_repeat.ipynb
[W 2023-09-05 22:49:41.150 ServerApp] 404 GET /individual-plots.json?1693946981130 (9834b204d2484e7eafc07fba060f364e@::1) 1.62ms referer=http://127.0.0.1:5463/lab/tree/global_data_Qianqian/Emulator/2daskParallel/0905_1year-np_repeat.ipynb
[W 2023-09-05 22:49:48.160 ServerApp] 404 GET /individual-plots.json?1693946988137 (9834b204d2484e7eafc07fba060f364e@::1) 1.48ms referer=http://127.0.0.1:5463/lab/tree/global_data_Qianqian/Emulator/2daskParallel/0905_1year-np_repeat.ipynb
[W 2023-09-05 22:49:58.291 ServerApp] 404 GET /individual-plots.json?1693946998268 (9834b204d2484e7eafc07fba060f364e@::1) 1.44ms referer=http://127.0.0.1:5463/lab/tree/global_data_Qianqian/Emulator/2daskParallel/0905_1year-np_repeat.ipynb
[W 2023-09-05 22:50:08.269 ServerApp] 404 GET /individual-plots.json?1693947008250 (9834b204d2484e7eafc07fba060f364e@::1) 1.49ms referer=http://127.0.0.1:5463/lab/tree/global_data_Qianqian/Emulator/2daskParallel/0905_1year-np_repeat.ipynb
[I 2023-09-05 22:50:17.178 ServerApp] Saving file at /global_data_Qianqian/Emulator/2daskParallel/0905_1year-np_repeat.ipynb
[W 2023-09-05 22:50:23.243 ServerApp] 404 GET /individual-plots.json?1693947023218 (9834b204d2484e7eafc07fba060f364e@::1) 1.75ms referer=http://127.0.0.1:5463/lab/tree/global_data_Qianqian/Emulator/2daskParallel/0905_1year-np_repeat.ipynb
[W 2023-09-05 22:50:30.279 ServerApp] 404 GET /individual-plots.json?1693947030259 (9834b204d2484e7eafc07fba060f364e@::1) 1.39ms referer=http://127.0.0.1:5463/lab/tree/global_data_Qianqian/Emulator/2daskParallel/0905_1year-np_repeat.ipynb
[W 2023-09-05 22:50:45.430 ServerApp] 404 GET /individual-plots.json?1693947045407 (9834b204d2484e7eafc07fba060f364e@::1) 1.47ms referer=http://127.0.0.1:5463/lab/tree/global_data_Qianqian/Emulator/2daskParallel/0905_1year-np_repeat.ipynb
[W 2023-09-05 22:51:20.581 ServerApp] 404 GET /individual-plots.json?1693947080550 (9834b204d2484e7eafc07fba060f364e@::1) 2.43ms referer=http://127.0.0.1:5463/lab/tree/global_data_Qianqian/Emulator/2daskParallel/0905_1year-np_repeat.ipynb
[I 2023-09-05 22:52:17.631 ServerApp] Saving file at /global_data_Qianqian/Emulator/2daskParallel/0905_1year-np_repeat.ipynb
[I 2023-09-05 22:52:22.031 ServerApp] Saving file at /global_data_Qianqian/Emulator/2daskParallel/0905_1year-np_repeat.ipynb
[W 2023-09-05 22:52:26.286 ServerApp] 404 GET /individual-plots.json?1693947146262 (9834b204d2484e7eafc07fba060f364e@::1) 1.96ms referer=http://127.0.0.1:5463/lab/tree/global_data_Qianqian/Emulator/2daskParallel/0905_1year-np_repeat.ipynb
[W 2023-09-05 22:53:38.402 ServerApp] 404 GET /individual-plots.json?1693947218382 (9834b204d2484e7eafc07fba060f364e@::1) 1.39ms referer=http://127.0.0.1:5463/lab/tree/global_data_Qianqian/Emulator/2daskParallel/0905_1year-np_repeat.ipynb
[I 2023-09-05 22:54:22.457 ServerApp] Saving file at /global_data_Qianqian/Emulator/2daskParallel/0905_1year-np_repeat.ipynb
[W 2023-09-05 22:54:23.193 ServerApp] 404 GET /individual-plots.json?1693947263162 (9834b204d2484e7eafc07fba060f364e@::1) 2.05ms referer=http://127.0.0.1:5463/lab/tree/global_data_Qianqian/Emulator/2daskParallel/0905_1year-np_repeat.ipynb
[W 2023-09-05 22:56:04.280 ServerApp] 404 GET /individual-plots.json?1693947364241 (9834b204d2484e7eafc07fba060f364e@::1) 1.25ms referer=http://127.0.0.1:5463/lab/tree/global_data_Qianqian/Emulator/2daskParallel/0905_1year-np_repeat.ipynb
[I 2023-09-05 22:56:22.938 ServerApp] Saving file at /global_data_Qianqian/Emulator/2daskParallel/0905_1year-np_repeat.ipynb
[I 2023-09-05 22:57:00.550 ServerApp] Saving file at /global_data_Qianqian/Emulator/2daskParallel/0905_1year-np_repeat.ipynb
[I 2023-09-05 22:57:13.082 ServerApp] Saving file at /global_data_Qianqian/Emulator/2daskParallel/0905_1year-np_repeat.ipynb
[W 2023-09-05 22:57:46.435 ServerApp] 404 GET /individual-plots.json?1693947466408 (9834b204d2484e7eafc07fba060f364e@::1) 1.83ms referer=http://127.0.0.1:5463/lab/tree/global_data_Qianqian/Emulator/2daskParallel/0905_1year-np_repeat.ipynb
[I 2023-09-05 22:59:13.616 ServerApp] Saving file at /global_data_Qianqian/Emulator/2daskParallel/0905_1year-np_repeat.ipynb
[I 2023-09-05 22:59:27.207 ServerApp] Saving file at /global_data_Qianqian/Emulator/2daskParallel/0905_1year-np_repeat.ipynb
[W 2023-09-05 22:59:46.514 ServerApp] 404 GET /individual-plots.json?1693947586491 (9834b204d2484e7eafc07fba060f364e@::1) 1.58ms referer=http://127.0.0.1:5463/lab/tree/global_data_Qianqian/Emulator/2daskParallel/0905_1year-np_repeat.ipynb
[W 2023-09-05 22:59:50.894 ServerApp] 404 GET /individual-plots.json?1693947590866 (9834b204d2484e7eafc07fba060f364e@::1) 1.38ms referer=http://127.0.0.1:5463/lab/tree/global_data_Qianqian/Emulator/2daskParallel/0905_1year-np_repeat.ipynb
[W 2023-09-05 23:00:02.928 ServerApp] 404 GET /individual-plots.json?1693947602905 (9834b204d2484e7eafc07fba060f364e@::1) 1.26ms referer=http://127.0.0.1:5463/lab/tree/global_data_Qianqian/Emulator/2daskParallel/0905_1year-np_repeat.ipynb
[W 2023-09-05 23:00:26.995 ServerApp] 404 GET /individual-plots.json?1693947626967 (9834b204d2484e7eafc07fba060f364e@::1) 1.53ms referer=http://127.0.0.1:5463/lab/tree/global_data_Qianqian/Emulator/2daskParallel/0905_1year-np_repeat.ipynb
[W 2023-09-05 23:01:00.645 ServerApp] 404 GET /individual-plots.json?1693947660594 (9834b204d2484e7eafc07fba060f364e@::1) 1.36ms referer=http://127.0.0.1:5463/lab/tree/global_data_Qianqian/Emulator/2daskParallel/0905_1year-np_repeat.ipynb
[I 2023-09-05 23:01:27.694 ServerApp] Saving file at /global_data_Qianqian/Emulator/2daskParallel/0905_1year-np_repeat.ipynb
[W 2023-09-05 23:02:26.153 ServerApp] 404 GET /individual-plots.json?1693947746123 (9834b204d2484e7eafc07fba060f364e@::1) 2.32ms referer=http://127.0.0.1:5463/lab/tree/global_data_Qianqian/Emulator/2daskParallel/0905_1year-np_repeat.ipynb
[I 2023-09-05 23:03:12.164 ServerApp] Saving file at /global_data_Qianqian/Emulator/2daskParallel/0905_1year-np_repeat.ipynb
[W 2023-09-05 23:04:26.201 ServerApp] 404 GET /individual-plots.json?1693947866168 (9834b204d2484e7eafc07fba060f364e@::1) 1.57ms referer=http://127.0.0.1:5463/lab/tree/global_data_Qianqian/Emulator/2daskParallel/0905_1year-np_repeat.ipynb
[I 2023-09-05 23:05:12.582 ServerApp] Saving file at /global_data_Qianqian/Emulator/2daskParallel/0905_1year-np_repeat.ipynb
[I 2023-09-05 23:05:36.554 ServerApp] Saving file at /global_data_Qianqian/Emulator/2daskParallel/0905_1year-np_repeat.ipynb
[W 2023-09-05 23:06:26.293 ServerApp] 404 GET /individual-plots.json?1693947986264 (9834b204d2484e7eafc07fba060f364e@::1) 1.99ms referer=http://127.0.0.1:5463/lab/tree/global_data_Qianqian/Emulator/2daskParallel/0905_1year-np_repeat.ipynb
[I 2023-09-05 23:07:37.031 ServerApp] Saving file at /global_data_Qianqian/Emulator/2daskParallel/0905_1year-np_repeat.ipynb
[W 2023-09-05 23:08:26.334 ServerApp] 404 GET /individual-plots.json?1693948106304 (9834b204d2484e7eafc07fba060f364e@::1) 1.85ms referer=http://127.0.0.1:5463/lab/tree/global_data_Qianqian/Emulator/2daskParallel/0905_1year-np_repeat.ipynb
[I 2023-09-05 23:09:37.521 ServerApp] Saving file at /global_data_Qianqian/Emulator/2daskParallel/0905_1year-np_repeat.ipynb
[I 2023-09-05 23:10:03.390 ServerApp] Saving file at /global_data_Qianqian/Emulator/2daskParallel/0905_1year-np_repeat.ipynb
[W 2023-09-05 23:10:26.382 ServerApp] 404 GET /individual-plots.json?1693948226349 (9834b204d2484e7eafc07fba060f364e@::1) 3.46ms referer=http://127.0.0.1:5463/lab/tree/global_data_Qianqian/Emulator/2daskParallel/0905_1year-np_repeat.ipynb
[W 2023-09-05 23:11:57.385 ServerApp] 404 GET /individual-plots.json?1693948317356 (9834b204d2484e7eafc07fba060f364e@::1) 1.28ms referer=http://127.0.0.1:5463/lab/tree/global_data_Qianqian/Emulator/2daskParallel/0905_1year-np_repeat.ipynb
[I 2023-09-05 23:12:03.865 ServerApp] Saving file at /global_data_Qianqian/Emulator/2daskParallel/0905_1year-np_repeat.ipynb
[W 2023-09-05 23:13:04.940 ServerApp] 404 GET /individual-plots.json?1693948384903 (9834b204d2484e7eafc07fba060f364e@::1) 1.59ms referer=http://127.0.0.1:5463/lab/tree/global_data_Qianqian/Emulator/2daskParallel/0905_1year-np_repeat.ipynb
[I 2023-09-05 23:14:04.376 ServerApp] Saving file at /global_data_Qianqian/Emulator/2daskParallel/0905_1year-np_repeat.ipynb
[W 2023-09-05 23:15:23.658 ServerApp] 404 GET /individual-plots.json?1693948523627 (9834b204d2484e7eafc07fba060f364e@::1) 2.02ms referer=http://127.0.0.1:5463/lab/tree/global_data_Qianqian/Emulator/2daskParallel/0905_1year-np_repeat.ipynb
[W 2023-09-05 23:15:33.271 ServerApp] 404 GET /individual-plots.json?1693948533235 (9834b204d2484e7eafc07fba060f364e@::1) 1.27ms referer=http://127.0.0.1:5463/lab/tree/global_data_Qianqian/Emulator/2daskParallel/0905_1year-np_repeat.ipynb
[W 2023-09-05 23:15:44.701 ServerApp] 404 GET /individual-plots.json?1693948544664 (9834b204d2484e7eafc07fba060f364e@::1) 1.35ms referer=http://127.0.0.1:5463/lab/tree/global_data_Qianqian/Emulator/2daskParallel/0905_1year-np_repeat.ipynb
[I 2023-09-05 23:16:04.857 ServerApp] Saving file at /global_data_Qianqian/Emulator/2daskParallel/0905_1year-np_repeat.ipynb
[W 2023-09-05 23:16:16.766 ServerApp] 404 GET /individual-plots.json?1693948576738 (9834b204d2484e7eafc07fba060f364e@::1) 1.83ms referer=http://127.0.0.1:5463/lab/tree/global_data_Qianqian/Emulator/2daskParallel/0905_1year-np_repeat.ipynb
[I 2023-09-05 23:16:21.004 ServerApp] Saving file at /global_data_Qianqian/Emulator/2daskParallel/0905_1year-np_repeat.ipynb
[W 2023-09-05 23:16:41.138 ServerApp] 404 GET /individual-plots.json?1693948601084 (9834b204d2484e7eafc07fba060f364e@::1) 1.85ms referer=http://127.0.0.1:5463/lab/tree/global_data_Qianqian/Emulator/2daskParallel/0905_1year-np_repeat.ipynb
[W 2023-09-05 23:17:35.033 ServerApp] 404 GET /individual-plots.json?1693948655000 (9834b204d2484e7eafc07fba060f364e@::1) 1.69ms referer=http://127.0.0.1:5463/lab/tree/global_data_Qianqian/Emulator/2daskParallel/0905_1year-np_repeat.ipynb
[I 2023-09-05 23:18:22.230 ServerApp] Saving file at /global_data_Qianqian/Emulator/2daskParallel/0905_1year-np_repeat.ipynb
[W 2023-09-05 23:18:54.721 ServerApp] 404 GET /individual-plots.json?1693948734686 (9834b204d2484e7eafc07fba060f364e@::1) 1.62ms referer=http://127.0.0.1:5463/lab/tree/global_data_Qianqian/Emulator/2daskParallel/0905_1year-np_repeat.ipynb
[I 2023-09-05 23:19:00.328 ServerApp] Saving file at /global_data_Qianqian/Emulator/2daskParallel/0905_1year-np_repeat.ipynb
[I 2023-09-05 23:19:53.357 ServerApp] Saving file at /global_data_Qianqian/Emulator/2daskParallel/0905_1year-np_repeat.ipynb
[I 2023-09-05 23:20:33.663 ServerApp] Saving file at /global_data_Qianqian/Emulator/2daskParallel/0905_1year-np_repeat.ipynb
[W 2023-09-05 23:20:54.763 ServerApp] 404 GET /individual-plots.json?1693948854729 (9834b204d2484e7eafc07fba060f364e@::1) 1.62ms referer=http://127.0.0.1:5463/lab/tree/global_data_Qianqian/Emulator/2daskParallel/0905_1year-np_repeat.ipynb
[I 2023-09-05 23:22:21.856 ServerApp] Saving file at /global_data_Qianqian/Emulator/2daskParallel/0905_1year-np_repeat.ipynb
[W 2023-09-05 23:23:38.922 ServerApp] 404 GET /individual-plots.json?1693949018882 (9834b204d2484e7eafc07fba060f364e@::1) 1.89ms referer=http://127.0.0.1:5463/lab/tree/global_data_Qianqian/Emulator/2daskParallel/0905_1year-np_repeat.ipynb
[W 2023-09-05 23:23:45.633 ServerApp] 404 GET /individual-plots.json?1693949025592 (9834b204d2484e7eafc07fba060f364e@::1) 1.59ms referer=http://127.0.0.1:5463/lab/tree/global_data_Qianqian/Emulator/2daskParallel/0905_1year-np_repeat.ipynb
slurmstepd: error: *** JOB 3751266 ON fcn39 CANCELLED AT 2023-09-05T23:23:53 DUE TO TIME LIMIT ***
[I 2023-09-05 23:23:53.270 ServerApp] Starting buffering for 799d5bf0-0c14-4e5a-b903-926963ed1862:04c363ec-1349-497d-a712-9f7e656f1490

JOB STATISTICS
==============
Job ID: 3751266
Cluster: snellius
User/Group: qiahan/qiahan
State: TIMEOUT (exit code 0)
Nodes: 1
Cores per node: 16
CPU Utilized: 00:00:01
CPU Efficiency: 0.00% of 16:00:32 core-walltime
Job Wall-clock time: 01:00:02
Memory Utilized: 78.97 GB
Memory Efficiency: 65.81% of 120.00 GB
