***************************************************************************************************** 
* WARNING: The 2021 software stack is not available on the 'genoa' partition.
Please use the 2022 * 
* software stack. * 
* * 
* If you have any question, please contact us via
http://servicedesk.surfsara.nl. * 
***************************************************************************************************** 
To connect to the notebook type the following command from your local terminal:
ssh -J qiahan@int5-pub.snellius.surf.nl qiahan@srv9.local.snellius.surf.nl -L 5271:localhost:5271

After connection is established in your local browser go to the address:
http://localhost:5271
[I 2023-08-30 18:09:43.226 ServerApp] Package jupyterlab took 0.0000s to import
[I 2023-08-30 18:09:43.960 ServerApp] Package dask_labextension took 0.7342s to import
[W 2023-08-30 18:09:43.960 ServerApp] A `_jupyter_server_extension_points` function was not found in dask_labextension. Instead, a `_jupyter_server_extension_paths` function was found and will be used for now. This function name will be deprecated in future releases of Jupyter Server.
[I 2023-08-30 18:09:44.591 ServerApp] Package ipyparallel took 0.6306s to import
[W 2023-08-30 18:09:44.591 ServerApp] A `_jupyter_server_extension_points` function was not found in ipyparallel. Instead, a `_jupyter_server_extension_paths` function was found and will be used for now. This function name will be deprecated in future releases of Jupyter Server.
[I 2023-08-30 18:09:44.596 ServerApp] Package jupyter_server_fileid took 0.0047s to import
[I 2023-08-30 18:09:44.601 ServerApp] Package jupyter_server_mathjax took 0.0043s to import
[I 2023-08-30 18:09:44.601 ServerApp] Package jupyter_server_proxy took 0.0000s to import
[I 2023-08-30 18:09:44.616 ServerApp] Package jupyter_server_terminals took 0.0146s to import
[I 2023-08-30 18:09:44.723 ServerApp] Package jupyter_server_ydoc took 0.1068s to import
[I 2023-08-30 18:09:44.757 ServerApp] Package jupyterlab_git took 0.0336s to import
[I 2023-08-30 18:09:44.757 ServerApp] Package nbclassic took 0.0000s to import
[W 2023-08-30 18:09:44.762 ServerApp] A `_jupyter_server_extension_points` function was not found in nbclassic. Instead, a `_jupyter_server_extension_paths` function was found and will be used for now. This function name will be deprecated in future releases of Jupyter Server.
[I 2023-08-30 18:09:44.763 ServerApp] Package nbdime took 0.0000s to import
[I 2023-08-30 18:09:44.763 ServerApp] Package notebook_shim took 0.0000s to import
[W 2023-08-30 18:09:44.763 ServerApp] A `_jupyter_server_extension_points` function was not found in notebook_shim. Instead, a `_jupyter_server_extension_paths` function was found and will be used for now. This function name will be deprecated in future releases of Jupyter Server.
[I 2023-08-30 18:09:44.768 ServerApp] dask_labextension | extension was successfully linked.
[I 2023-08-30 18:09:44.768 ServerApp] ipyparallel | extension was successfully linked.
[I 2023-08-30 18:09:44.830 ServerApp] jupyter_server_fileid | extension was successfully linked.
[I 2023-08-30 18:09:44.897 ServerApp] jupyter_server_mathjax | extension was successfully linked.
[I 2023-08-30 18:09:44.897 ServerApp] jupyter_server_proxy | extension was successfully linked.
[I 2023-08-30 18:09:44.923 ServerApp] jupyter_server_terminals | extension was successfully linked.
[I 2023-08-30 18:09:44.929 ServerApp] jupyter_server_ydoc | extension was successfully linked.
[I 2023-08-30 18:09:44.976 ServerApp] jupyterlab | extension was successfully linked.
[I 2023-08-30 18:09:44.976 ServerApp] jupyterlab_git | extension was successfully linked.
[I 2023-08-30 18:09:45.031 ServerApp] nbclassic | extension was successfully linked.
[I 2023-08-30 18:09:45.031 ServerApp] nbdime | extension was successfully linked.
[I 2023-08-30 18:09:45.110 ServerApp] notebook_shim | extension was successfully linked.
[I 2023-08-30 18:09:45.288 ServerApp] notebook_shim | extension was successfully loaded.
[I 2023-08-30 18:09:45.353 ServerApp] dask_labextension | extension was successfully loaded.
[I 2023-08-30 18:09:45.360 ServerApp] Loading IPython parallel extension
[I 2023-08-30 18:09:45.360 ServerApp] ipyparallel | extension was successfully loaded.
[I 2023-08-30 18:09:45.360 FileIdExtension] Configured File ID manager: ArbitraryFileIdManager
[I 2023-08-30 18:09:45.360 FileIdExtension] ArbitraryFileIdManager : Configured root dir: /gpfs/work2/0/ttse0619/qianqian
[I 2023-08-30 18:09:45.360 FileIdExtension] ArbitraryFileIdManager : Configured database path: /gpfs/home2/qiahan/.local/share/jupyter/file_id_manager.db
[I 2023-08-30 18:09:45.362 FileIdExtension] ArbitraryFileIdManager : Successfully connected to database file.
[I 2023-08-30 18:09:45.362 FileIdExtension] ArbitraryFileIdManager : Creating File ID tables and indices with journal_mode = DELETE
[I 2023-08-30 18:09:45.364 FileIdExtension] Attached event listeners.
[I 2023-08-30 18:09:45.364 ServerApp] jupyter_server_fileid | extension was successfully loaded.
[I 2023-08-30 18:09:45.365 ServerApp] jupyter_server_mathjax | extension was successfully loaded.
[I 2023-08-30 18:09:45.376 ServerApp] jupyter_server_proxy | extension was successfully loaded.
[I 2023-08-30 18:09:45.377 ServerApp] jupyter_server_terminals | extension was successfully loaded.
[I 2023-08-30 18:09:45.377 ServerApp] jupyter_server_ydoc | extension was successfully loaded.
[I 2023-08-30 18:09:45.400 LabApp] JupyterLab extension loaded from /home/qiahan/.conda/envs/mamba/envs/emulator/lib/python3.9/site-packages/jupyterlab
[I 2023-08-30 18:09:45.400 LabApp] JupyterLab application directory is /gpfs/home2/qiahan/.conda/envs/mamba/envs/emulator/share/jupyter/lab
[I 2023-08-30 18:09:45.402 ServerApp] jupyterlab | extension was successfully loaded.
[I 2023-08-30 18:09:45.405 ServerApp] jupyterlab_git | extension was successfully loaded.
[I 2023-08-30 18:09:45.427 ServerApp] nbclassic | extension was successfully loaded.
[I 2023-08-30 18:09:45.586 ServerApp] nbdime | extension was successfully loaded.
[I 2023-08-30 18:09:45.587 ServerApp] Serving notebooks from local directory: /gpfs/work2/0/ttse0619/qianqian
[I 2023-08-30 18:09:45.587 ServerApp] Jupyter Server 2.5.0 is running at:
[I 2023-08-30 18:09:45.587 ServerApp] http://localhost:5271/lab?token=ae023a28633b6bfcb4d3424822a37244b642eea51ea5e666
[I 2023-08-30 18:09:45.587 ServerApp]     http://127.0.0.1:5271/lab?token=ae023a28633b6bfcb4d3424822a37244b642eea51ea5e666
[I 2023-08-30 18:09:45.587 ServerApp] Use Control-C to stop this server and shut down all kernels (twice to skip confirmation).
[C 2023-08-30 18:09:45.592 ServerApp] 
    
    To access the server, open this file in a browser:
        file:///gpfs/home2/qiahan/.local/share/jupyter/runtime/jpserver-1598539-open.html
    Or copy and paste one of these URLs:
        http://localhost:5271/lab?token=ae023a28633b6bfcb4d3424822a37244b642eea51ea5e666
        http://127.0.0.1:5271/lab?token=ae023a28633b6bfcb4d3424822a37244b642eea51ea5e666
[I 2023-08-30 18:10:41.935 LabApp] Generating new user for token-authenticated request: a8fc5b8a3250437c9e8564ee84de0504
[I 2023-08-30 18:10:44.995 LabApp] Build is up to date
[I 2023-08-30 18:10:51.966 ServerApp] Kernel started: a09ff8d6-29c1-43ac-8aeb-787ca704e37c
[I 2023-08-30 18:10:52.494 ServerApp] Connecting to kernel a09ff8d6-29c1-43ac-8aeb-787ca704e37c.
[I 2023-08-30 18:10:52.496 ServerApp] Connecting to kernel a09ff8d6-29c1-43ac-8aeb-787ca704e37c.
[I 2023-08-30 18:10:52.521 ServerApp] Connecting to kernel a09ff8d6-29c1-43ac-8aeb-787ca704e37c.
[W 2023-08-30 18:12:03.261 ServerApp] Notebook global_data_Qianqian/2preprocessing/2-3merge_canopy_height.ipynb is not trusted
[I 2023-08-30 18:12:03.840 ServerApp] Kernel started: c8a49386-3db0-4472-81be-5bc828a613f3
[I 2023-08-30 18:12:04.544 ServerApp] Connecting to kernel c8a49386-3db0-4472-81be-5bc828a613f3.
[I 2023-08-30 18:12:04.545 ServerApp] Connecting to kernel c8a49386-3db0-4472-81be-5bc828a613f3.
[I 2023-08-30 18:12:04.576 ServerApp] Connecting to kernel c8a49386-3db0-4472-81be-5bc828a613f3.
[I 2023-08-30 18:12:51.685 ServerApp] Saving file at /global_data_Qianqian/Emulator/2daskParallel/2read10kminput-halfhourly-0830_2000steps.ipynb
[I 2023-08-30 18:15:08.790 ServerApp] Kernel started: 4fc7ad36-9409-4b26-864e-66fcd4551e6c
[I 2023-08-30 18:15:09.307 ServerApp] Connecting to kernel 4fc7ad36-9409-4b26-864e-66fcd4551e6c.
[I 2023-08-30 18:17:09.029 ServerApp] Saving file at /global_data_Qianqian/2preprocessing/2-2spatialResample_canopy_height-backup.ipynb
[I 2023-08-30 18:17:15.680 ServerApp] Uploading file to /global_data_Qianqian/2preprocessing/mosaic_output10km (1).tif
[I 2023-08-30 18:18:53.053 ServerApp] Saving file at /global_data_Qianqian/Emulator/2daskParallel/2read10kminput-halfhourly-0830_2000steps.ipynb
[I 2023-08-30 18:20:09.123 ServerApp] Uploading file to /global_data_Qianqian/2preprocessing/mosaic_output10km (2).tif
[I 2023-08-30 18:20:47.724 ServerApp] Kernel started: d7ee4f97-d485-411f-a139-3026433a4802
[I 2023-08-30 18:20:47.725 ServerApp] Kernel shutdown: a09ff8d6-29c1-43ac-8aeb-787ca704e37c
[I 2023-08-30 18:20:49.299 ServerApp] Connecting to kernel d7ee4f97-d485-411f-a139-3026433a4802.
[I 2023-08-30 18:20:49.337 ServerApp] Connecting to kernel d7ee4f97-d485-411f-a139-3026433a4802.
[I 2023-08-30 18:20:53.193 ServerApp] Saving file at /global_data_Qianqian/Emulator/2daskParallel/2read10kminput-halfhourly-0830_2000steps.ipynb
[I 2023-08-30 18:21:03.007 ServerApp] Kernel restarted: d7ee4f97-d485-411f-a139-3026433a4802
[I 2023-08-30 18:21:03.076 ServerApp] Connecting to kernel d7ee4f97-d485-411f-a139-3026433a4802.
[I 2023-08-30 18:21:50.354 ServerApp] Kernel started: 5a57a9ec-337d-4487-9db5-ba654e043903
[I 2023-08-30 18:21:50.845 ServerApp] Connecting to kernel 5a57a9ec-337d-4487-9db5-ba654e043903.
[W 2023-08-30 18:22:08.345 ServerApp] delete /global_data_Qianqian/2preprocessing/mosaic_output10km (1).tif
[W 2023-08-30 18:22:08.356 ServerApp] delete /global_data_Qianqian/2preprocessing/mosaic_output10km (2).tif
[W 2023-08-30 18:22:08.367 ServerApp] Skipping trash for /gpfs/work2/0/ttse0619/qianqian/global_data_Qianqian/2preprocessing/mosaic_output10km (1).tif, on different device to home directory
[W 2023-08-30 18:22:08.368 ServerApp] Skipping trash for /gpfs/work2/0/ttse0619/qianqian/global_data_Qianqian/2preprocessing/mosaic_output10km (2).tif, on different device to home directory
[I 2023-08-30 18:22:17.342 ServerApp] AsyncIOLoopKernelRestarter: restarting kernel (1/5), keep random ports
[W 2023-08-30 18:22:17.343 ServerApp] kernel 5a57a9ec-337d-4487-9db5-ba654e043903 restarted
[I 2023-08-30 18:22:17.350 ServerApp] Starting buffering for 5a57a9ec-337d-4487-9db5-ba654e043903:b2e5b957-fe21-473e-8b8c-dffa8d7f4181
[I 2023-08-30 18:22:17.384 ServerApp] Connecting to kernel 5a57a9ec-337d-4487-9db5-ba654e043903.
[I 2023-08-30 18:22:17.384 ServerApp] Restoring connection for 5a57a9ec-337d-4487-9db5-ba654e043903:b2e5b957-fe21-473e-8b8c-dffa8d7f4181
[I 2023-08-30 18:22:53.396 ServerApp] Saving file at /global_data_Qianqian/Emulator/2daskParallel/2read10kminput-halfhourly-0830_2000steps.ipynb
[I 2023-08-30 18:23:38.159 ServerApp] Saving file at /global_data_Qianqian/2preprocessing/1-2resample_LAI.ipynb
[I 2023-08-30 18:23:49.139 ServerApp] Starting buffering for 4fc7ad36-9409-4b26-864e-66fcd4551e6c:37cdf4fa-f64a-451e-8cd7-6205d6372a12
[W 2023-08-30 18:24:00.473 ServerApp] delete /global_data_Qianqian/1input_data/2017NL/lai/LAI_global2017_10km2.tif
[W 2023-08-30 18:24:00.474 ServerApp] delete /global_data_Qianqian/1input_data/2017NL/lai/LAI_global2017_10km3.tif
[W 2023-08-30 18:24:00.475 ServerApp] Skipping trash for /gpfs/work2/0/ttse0619/qianqian/global_data_Qianqian/1input_data/2017NL/lai/LAI_global2017_10km2.tif, on different device to home directory
[W 2023-08-30 18:24:00.475 ServerApp] Skipping trash for /gpfs/work2/0/ttse0619/qianqian/global_data_Qianqian/1input_data/2017NL/lai/LAI_global2017_10km3.tif, on different device to home directory
[I 2023-08-30 18:24:02.300 ServerApp] Saving file at /global_data_Qianqian/2preprocessing/1-2resample_LAI.ipynb
[I 2023-08-30 18:25:23.943 ServerApp] Saving file at /global_data_Qianqian/Emulator/2daskParallel/2read10kminput-halfhourly-0830_2000steps.ipynb
[I 2023-08-30 18:25:31.986 ServerApp] Starting buffering for 5a57a9ec-337d-4487-9db5-ba654e043903:b2e5b957-fe21-473e-8b8c-dffa8d7f4181
[I 2023-08-30 18:25:47.625 ServerApp] Starting buffering for c8a49386-3db0-4472-81be-5bc828a613f3:7a864436-12a1-48ff-b38d-0c62c1e06737
[I 2023-08-30 18:25:47.626 ServerApp] Starting buffering for d7ee4f97-d485-411f-a139-3026433a4802:3720f7d6-51f3-4764-81e3-ba34d2149d94
[I 2023-08-30 18:34:47.481 LabApp] Generating new user for token-authenticated request: e470c2c2eb9e4d7d9b90385e4fa526be
[I 2023-08-30 18:34:50.284 LabApp] Build is up to date
[I 2023-08-30 18:34:58.489 ServerApp] Connecting to kernel d7ee4f97-d485-411f-a139-3026433a4802.
[I 2023-08-30 18:35:09.458 ServerApp] Connecting to kernel 5a57a9ec-337d-4487-9db5-ba654e043903.
[I 2023-08-30 18:37:08.302 ServerApp] Uploading file to /global_data_Qianqian/2preprocessing/mosaic_output10km (3).tif
[I 2023-08-30 18:37:09.356 ServerApp] Saving file at /global_data_Qianqian/2preprocessing/1-2resample_LAI.ipynb
[I 2023-08-30 18:38:32.208 ServerApp] Saving file at /global_data_Qianqian/2preprocessing/1-2resample_LAI.ipynb
[W 2023-08-30 18:40:29.465 ServerApp] Notebook global_data_Qianqian/Emulator/2daskParallel/2read10kminput-halfhourly-0627.ipynb is not trusted
[I 2023-08-30 18:40:31.361 ServerApp] Kernel started: 7301b63e-c408-43fd-b60b-862e13a4c60b
[I 2023-08-30 18:40:31.952 ServerApp] Connecting to kernel 7301b63e-c408-43fd-b60b-862e13a4c60b.
[I 2023-08-30 18:40:31.975 ServerApp] Starting buffering for 7301b63e-c408-43fd-b60b-862e13a4c60b:ec3e59d5-ea89-4b85-bbb4-740297ed89b7
[I 2023-08-30 18:40:31.980 ServerApp] Connecting to kernel 7301b63e-c408-43fd-b60b-862e13a4c60b.
[I 2023-08-30 18:40:32.007 ServerApp] Connecting to kernel 7301b63e-c408-43fd-b60b-862e13a4c60b.
[I 2023-08-30 18:40:47.235 ServerApp] Starting buffering for d7ee4f97-d485-411f-a139-3026433a4802:7e7126f8-afcc-4027-949f-02b0cc1df8df
[W 2023-08-30 18:41:00.386 ServerApp] delete /global_data_Qianqian/2preprocessing/mosaic_output10km (3).tif
[W 2023-08-30 18:41:00.387 ServerApp] Skipping trash for /gpfs/work2/0/ttse0619/qianqian/global_data_Qianqian/2preprocessing/mosaic_output10km (3).tif, on different device to home directory
[I 2023-08-30 18:41:26.008 ServerApp] Saving file at /global_data_Qianqian/2preprocessing/1-2resample_LAI.ipynb
[I 2023-08-30 18:41:32.374 ServerApp] Saving file at /global_data_Qianqian/2preprocessing/1-2resample_LAI.ipynb
[I 2023-08-30 18:41:43.286 ServerApp] Connecting to kernel d7ee4f97-d485-411f-a139-3026433a4802.
[I 2023-08-30 18:43:04.379 ServerApp] Saving file at /global_data_Qianqian/Emulator/2daskParallel/2read10kminput-halfhourly-0830_2000steps.ipynb
[I 2023-08-30 18:43:04.476 ServerApp] Starting buffering for d7ee4f97-d485-411f-a139-3026433a4802:8b63d013-ee8f-47b0-aafa-b753b86b297e
[I 2023-08-30 18:43:36.071 ServerApp] Starting buffering for 5a57a9ec-337d-4487-9db5-ba654e043903:64eae417-41d9-4b84-a35e-0a836954ece9
[I 2023-08-30 18:43:38.803 ServerApp] Connecting to kernel d7ee4f97-d485-411f-a139-3026433a4802.
[I 2023-08-30 18:49:12.442 ServerApp] Starting buffering for d7ee4f97-d485-411f-a139-3026433a4802:e7026556-28eb-4a15-89c8-e4f47c65e681
[I 2023-08-30 18:49:16.667 ServerApp] Kernel shutdown: d7ee4f97-d485-411f-a139-3026433a4802
[I 2023-08-30 18:49:16.679 ServerApp] Kernel shutdown: c8a49386-3db0-4472-81be-5bc828a613f3
[I 2023-08-30 18:49:16.679 ServerApp] Kernel shutdown: 5a57a9ec-337d-4487-9db5-ba654e043903
[I 2023-08-30 18:49:16.680 ServerApp] Kernel shutdown: 7301b63e-c408-43fd-b60b-862e13a4c60b
[I 2023-08-30 18:49:16.680 ServerApp] Kernel shutdown: 4fc7ad36-9409-4b26-864e-66fcd4551e6c
[I 2023-08-30 18:49:25.963 ServerApp] Kernel started: 1fc90650-d6cf-4180-8b4e-045899b3d599
[I 2023-08-30 18:49:26.797 ServerApp] Connecting to kernel 1fc90650-d6cf-4180-8b4e-045899b3d599.
[I 2023-08-30 18:49:26.814 ServerApp] Starting buffering for 1fc90650-d6cf-4180-8b4e-045899b3d599:0ab353ce-9f7b-4497-adee-41cda1b824ff
[I 2023-08-30 18:49:26.819 ServerApp] Connecting to kernel 1fc90650-d6cf-4180-8b4e-045899b3d599.
[I 2023-08-30 18:49:26.848 ServerApp] Connecting to kernel 1fc90650-d6cf-4180-8b4e-045899b3d599.
[I 2023-08-30 18:51:25.847 ServerApp] Saving file at /global_data_Qianqian/2preprocessing/1-2resample_LAI.ipynb
[I 2023-08-30 18:51:35.351 ServerApp] Saving file at /global_data_Qianqian/2preprocessing/1-2resample_LAI.ipynb
[I 2023-08-30 18:53:07.313 ServerApp] Saving file at /global_data_Qianqian/2preprocessing/1-2resample_LAI.ipynb
[I 2023-08-30 18:53:32.181 ServerApp] Saving file at /global_data_Qianqian/2preprocessing/1-2resample_LAI.ipynb
[I 2023-08-30 18:55:30.483 ServerApp] Starting buffering for 1fc90650-d6cf-4180-8b4e-045899b3d599:68de44df-dd89-48e4-8b5d-38d2d72b1599
slurmstepd: error: *** JOB 3595751 ON srv9 CANCELLED AT 2023-08-30T19:09:56 DUE TO TIME LIMIT ***
slurmstepd: error: container_p_join: setns failed for /slurm/3595751/.ns: Invalid argument
slurmstepd: error: container_g_join(3595751): Invalid argument
slurmstepd: error: Detected 1 oom_kill event in StepId=3595751.batch. Some of the step tasks have been OOM Killed.

JOB STATISTICS
==============
Job ID: 3595751
Cluster: snellius
User/Group: qiahan/qiahan
State: TIMEOUT (exit code 0)
Cores: 1
CPU Utilized: 00:00:00
CPU Efficiency: 0.00% of 01:00:28 core-walltime
Job Wall-clock time: 01:00:28
Memory Utilized: 3.12 GB
Memory Efficiency: 44.54% of 7.00 GB
