***************************************************************************************************** 
* WARNING: The 2021 software stack is not available on the 'genoa' partition.
Please use the 2022 * 
* software stack. * 
* * 
* If you have any question, please contact us via
http://servicedesk.surfsara.nl. * 
***************************************************************************************************** 
To connect to the notebook type the following command from your local terminal:
ssh -J qiahan@int5-pub.snellius.surf.nl qiahan@fcn38.local.snellius.surf.nl -L 5684:localhost:5684

After connection is established in your local browser go to the address:
http://localhost:5684
[I 2023-09-04 09:47:56.885 ServerApp] Package jupyterlab took 0.0000s to import
[I 2023-09-04 09:47:58.112 ServerApp] Package dask_labextension took 1.2262s to import
[W 2023-09-04 09:47:58.112 ServerApp] A `_jupyter_server_extension_points` function was not found in dask_labextension. Instead, a `_jupyter_server_extension_paths` function was found and will be used for now. This function name will be deprecated in future releases of Jupyter Server.
[I 2023-09-04 09:47:59.270 ServerApp] Package ipyparallel took 1.1583s to import
[W 2023-09-04 09:47:59.270 ServerApp] A `_jupyter_server_extension_points` function was not found in ipyparallel. Instead, a `_jupyter_server_extension_paths` function was found and will be used for now. This function name will be deprecated in future releases of Jupyter Server.
[I 2023-09-04 09:47:59.279 ServerApp] Package jupyter_server_fileid took 0.0083s to import
[I 2023-09-04 09:47:59.285 ServerApp] Package jupyter_server_mathjax took 0.0051s to import
[I 2023-09-04 09:47:59.285 ServerApp] Package jupyter_server_proxy took 0.0000s to import
[I 2023-09-04 09:47:59.306 ServerApp] Package jupyter_server_terminals took 0.0211s to import
[I 2023-09-04 09:47:59.394 ServerApp] Package jupyter_server_ydoc took 0.0870s to import
[I 2023-09-04 09:47:59.456 ServerApp] Package jupyterlab_git took 0.0616s to import
[I 2023-09-04 09:47:59.456 ServerApp] Package nbclassic took 0.0000s to import
[W 2023-09-04 09:47:59.464 ServerApp] A `_jupyter_server_extension_points` function was not found in nbclassic. Instead, a `_jupyter_server_extension_paths` function was found and will be used for now. This function name will be deprecated in future releases of Jupyter Server.
[I 2023-09-04 09:47:59.464 ServerApp] Package nbdime took 0.0000s to import
[I 2023-09-04 09:47:59.464 ServerApp] Package notebook_shim took 0.0000s to import
[W 2023-09-04 09:47:59.464 ServerApp] A `_jupyter_server_extension_points` function was not found in notebook_shim. Instead, a `_jupyter_server_extension_paths` function was found and will be used for now. This function name will be deprecated in future releases of Jupyter Server.
[I 2023-09-04 09:47:59.466 ServerApp] dask_labextension | extension was successfully linked.
[I 2023-09-04 09:47:59.467 ServerApp] ipyparallel | extension was successfully linked.
[I 2023-09-04 09:47:59.553 ServerApp] jupyter_server_fileid | extension was successfully linked.
[I 2023-09-04 09:47:59.632 ServerApp] jupyter_server_mathjax | extension was successfully linked.
[I 2023-09-04 09:47:59.632 ServerApp] jupyter_server_proxy | extension was successfully linked.
[I 2023-09-04 09:47:59.717 ServerApp] jupyter_server_terminals | extension was successfully linked.
[I 2023-09-04 09:47:59.811 ServerApp] jupyter_server_ydoc | extension was successfully linked.
[I 2023-09-04 09:47:59.936 ServerApp] jupyterlab | extension was successfully linked.
[I 2023-09-04 09:47:59.937 ServerApp] jupyterlab_git | extension was successfully linked.
[I 2023-09-04 09:48:00.016 ServerApp] nbclassic | extension was successfully linked.
[I 2023-09-04 09:48:00.016 ServerApp] nbdime | extension was successfully linked.
[I 2023-09-04 09:48:00.162 ServerApp] notebook_shim | extension was successfully linked.
[I 2023-09-04 09:48:00.504 ServerApp] notebook_shim | extension was successfully loaded.
[I 2023-09-04 09:48:00.524 ServerApp] dask_labextension | extension was successfully loaded.
[I 2023-09-04 09:48:00.532 ServerApp] Loading IPython parallel extension
[I 2023-09-04 09:48:00.532 ServerApp] ipyparallel | extension was successfully loaded.
[I 2023-09-04 09:48:00.532 FileIdExtension] Configured File ID manager: ArbitraryFileIdManager
[I 2023-09-04 09:48:00.533 FileIdExtension] ArbitraryFileIdManager : Configured root dir: /gpfs/work2/0/ttse0619/qianqian
[I 2023-09-04 09:48:00.533 FileIdExtension] ArbitraryFileIdManager : Configured database path: /gpfs/home2/qiahan/.local/share/jupyter/file_id_manager.db
[I 2023-09-04 09:48:00.534 FileIdExtension] ArbitraryFileIdManager : Successfully connected to database file.
[I 2023-09-04 09:48:00.534 FileIdExtension] ArbitraryFileIdManager : Creating File ID tables and indices with journal_mode = DELETE
[I 2023-09-04 09:48:00.535 FileIdExtension] Attached event listeners.
[I 2023-09-04 09:48:00.535 ServerApp] jupyter_server_fileid | extension was successfully loaded.
[I 2023-09-04 09:48:00.536 ServerApp] jupyter_server_mathjax | extension was successfully loaded.
[I 2023-09-04 09:48:00.553 ServerApp] jupyter_server_proxy | extension was successfully loaded.
[I 2023-09-04 09:48:00.554 ServerApp] jupyter_server_terminals | extension was successfully loaded.
[I 2023-09-04 09:48:00.554 ServerApp] jupyter_server_ydoc | extension was successfully loaded.
[I 2023-09-04 09:48:00.604 LabApp] JupyterLab extension loaded from /home/qiahan/.conda/envs/mamba/envs/emulator/lib/python3.9/site-packages/jupyterlab
[I 2023-09-04 09:48:00.604 LabApp] JupyterLab application directory is /gpfs/home2/qiahan/.conda/envs/mamba/envs/emulator/share/jupyter/lab
[I 2023-09-04 09:48:00.607 ServerApp] jupyterlab | extension was successfully loaded.
[I 2023-09-04 09:48:00.612 ServerApp] jupyterlab_git | extension was successfully loaded.
[I 2023-09-04 09:48:00.659 ServerApp] nbclassic | extension was successfully loaded.
[I 2023-09-04 09:48:00.893 ServerApp] nbdime | extension was successfully loaded.
[I 2023-09-04 09:48:00.894 ServerApp] Serving notebooks from local directory: /gpfs/work2/0/ttse0619/qianqian
[I 2023-09-04 09:48:00.894 ServerApp] Jupyter Server 2.5.0 is running at:
[I 2023-09-04 09:48:00.894 ServerApp] http://localhost:5684/lab?token=40687287d84538f0bea4651b66988def9341d58cc2388dad
[I 2023-09-04 09:48:00.894 ServerApp]     http://127.0.0.1:5684/lab?token=40687287d84538f0bea4651b66988def9341d58cc2388dad
[I 2023-09-04 09:48:00.894 ServerApp] Use Control-C to stop this server and shut down all kernels (twice to skip confirmation).
[C 2023-09-04 09:48:00.900 ServerApp] 
    
    To access the server, open this file in a browser:
        file:///gpfs/home2/qiahan/.local/share/jupyter/runtime/jpserver-316946-open.html
    Or copy and paste one of these URLs:
        http://localhost:5684/lab?token=40687287d84538f0bea4651b66988def9341d58cc2388dad
        http://127.0.0.1:5684/lab?token=40687287d84538f0bea4651b66988def9341d58cc2388dad
[I 2023-09-04 09:49:24.040 LabApp] Generating new user for token-authenticated request: 87373ef1885f4eb5b4671e8ad741199a
[I 2023-09-04 09:49:27.721 LabApp] Build is up to date
[I 2023-09-04 09:49:42.540 ServerApp] Kernel started: 2edc905e-801e-46c2-8902-49d82140f5e3
[I 2023-09-04 09:49:43.341 ServerApp] Connecting to kernel 2edc905e-801e-46c2-8902-49d82140f5e3.
[I 2023-09-04 09:49:43.384 ServerApp] Connecting to kernel 2edc905e-801e-46c2-8902-49d82140f5e3.
[I 2023-09-04 09:49:43.417 ServerApp] Connecting to kernel 2edc905e-801e-46c2-8902-49d82140f5e3.
[I 2023-09-04 09:49:55.326 ServerApp] Saving file at /global_data_Qianqian/Emulator/2daskParallel/2read10kminput-halfhourly-0904_2000steps.ipynb
[I 2023-09-04 09:51:19.911 ServerApp] Saving file at /global_data_Qianqian/Emulator/2daskParallel/2read10kminput-halfhourly-0904_2000steps.ipynb
[I 2023-09-04 09:51:56.031 ServerApp] Saving file at /global_data_Qianqian/Emulator/2daskParallel/2read10kminput-halfhourly-0904_2000steps.ipynb
[I 2023-09-04 09:52:11.732 ServerApp] Kernel started: 6d812f9c-6685-471c-b444-ca291b85ff67
[I 2023-09-04 09:52:12.296 ServerApp] Connecting to kernel 6d812f9c-6685-471c-b444-ca291b85ff67.
[I 2023-09-04 09:53:18.755 ServerApp] Connecting to kernel 2edc905e-801e-46c2-8902-49d82140f5e3.
[I 2023-09-04 09:54:11.169 ServerApp] Saving file at /global_data_Qianqian/Emulator/2daskParallel/2read10kminput-halfhourly-0904_1year.ipynb
[I 2023-09-04 09:54:48.295 ServerApp] Saving file at /global_data_Qianqian/Emulator/2daskParallel/2read10kminput-halfhourly-0904_1year.ipynb
[I 2023-09-04 09:56:43.872 ServerApp] Saving file at /global_data_Qianqian/Emulator/2daskParallel/2read10kminput-halfhourly-0904_1year.ipynb
[I 2023-09-04 09:58:25.074 ServerApp] Saving file at /global_data_Qianqian/Emulator/2daskParallel/2read10kminput-halfhourly-0904_1year.ipynb
[I 2023-09-04 09:58:38.589 ServerApp] Saving file at /global_data_Qianqian/Emulator/2daskParallel/2read10kminput-halfhourly-0904_1year.ipynb
[I 2023-09-04 09:58:44.283 ServerApp] Trying to establish websocket connection to ws://localhost:38611/status/ws
[I 2023-09-04 09:58:44.286 ServerApp] Websocket connection established to ws://localhost:38611/status/ws
