***************************************************************************************************** 
* WARNING: The 2021 software stack is not available on the 'genoa' partition.
Please use the 2022 * 
* software stack. * 
* * 
* If you have any question, please contact us via
http://servicedesk.surfsara.nl. * 
***************************************************************************************************** 
To connect to the notebook type the following command from your local terminal:
ssh -J qiahan@int5-pub.snellius.surf.nl qiahan@fcn39.local.snellius.surf.nl -L 5521:localhost:5521

After connection is established in your local browser go to the address:
http://localhost:5521
[I 2023-09-05 17:03:27.209 ServerApp] Package jupyterlab took 0.0000s to import
[I 2023-09-05 17:03:27.807 ServerApp] Package dask_labextension took 0.5972s to import
[W 2023-09-05 17:03:27.809 ServerApp] A `_jupyter_server_extension_points` function was not found in dask_labextension. Instead, a `_jupyter_server_extension_paths` function was found and will be used for now. This function name will be deprecated in future releases of Jupyter Server.
[I 2023-09-05 17:03:28.331 ServerApp] Package ipyparallel took 0.5222s to import
[W 2023-09-05 17:03:28.332 ServerApp] A `_jupyter_server_extension_points` function was not found in ipyparallel. Instead, a `_jupyter_server_extension_paths` function was found and will be used for now. This function name will be deprecated in future releases of Jupyter Server.
[I 2023-09-05 17:03:28.337 ServerApp] Package jupyter_server_fileid took 0.0056s to import
[I 2023-09-05 17:03:28.343 ServerApp] Package jupyter_server_mathjax took 0.0051s to import
[I 2023-09-05 17:03:28.343 ServerApp] Package jupyter_server_proxy took 0.0000s to import
[I 2023-09-05 17:03:28.359 ServerApp] Package jupyter_server_terminals took 0.0151s to import
[I 2023-09-05 17:03:28.429 ServerApp] Package jupyter_server_ydoc took 0.0701s to import
[I 2023-09-05 17:03:28.464 ServerApp] Package jupyterlab_git took 0.0340s to import
[I 2023-09-05 17:03:28.464 ServerApp] Package nbclassic took 0.0000s to import
[W 2023-09-05 17:03:28.470 ServerApp] A `_jupyter_server_extension_points` function was not found in nbclassic. Instead, a `_jupyter_server_extension_paths` function was found and will be used for now. This function name will be deprecated in future releases of Jupyter Server.
[I 2023-09-05 17:03:28.470 ServerApp] Package nbdime took 0.0000s to import
[I 2023-09-05 17:03:28.471 ServerApp] Package notebook_shim took 0.0000s to import
[W 2023-09-05 17:03:28.471 ServerApp] A `_jupyter_server_extension_points` function was not found in notebook_shim. Instead, a `_jupyter_server_extension_paths` function was found and will be used for now. This function name will be deprecated in future releases of Jupyter Server.
[I 2023-09-05 17:03:28.473 ServerApp] dask_labextension | extension was successfully linked.
[I 2023-09-05 17:03:28.473 ServerApp] ipyparallel | extension was successfully linked.
[I 2023-09-05 17:03:28.481 ServerApp] jupyter_server_fileid | extension was successfully linked.
[I 2023-09-05 17:03:28.489 ServerApp] jupyter_server_mathjax | extension was successfully linked.
[I 2023-09-05 17:03:28.489 ServerApp] jupyter_server_proxy | extension was successfully linked.
[I 2023-09-05 17:03:28.496 ServerApp] jupyter_server_terminals | extension was successfully linked.
[I 2023-09-05 17:03:28.502 ServerApp] jupyter_server_ydoc | extension was successfully linked.
[I 2023-09-05 17:03:28.554 ServerApp] jupyterlab | extension was successfully linked.
[I 2023-09-05 17:03:28.555 ServerApp] jupyterlab_git | extension was successfully linked.
[I 2023-09-05 17:03:28.563 ServerApp] nbclassic | extension was successfully linked.
[I 2023-09-05 17:03:28.563 ServerApp] nbdime | extension was successfully linked.
[I 2023-09-05 17:03:28.579 ServerApp] notebook_shim | extension was successfully linked.
[I 2023-09-05 17:03:28.718 ServerApp] notebook_shim | extension was successfully loaded.
[I 2023-09-05 17:03:28.721 ServerApp] dask_labextension | extension was successfully loaded.
[I 2023-09-05 17:03:28.725 ServerApp] Loading IPython parallel extension
[I 2023-09-05 17:03:28.725 ServerApp] ipyparallel | extension was successfully loaded.
[I 2023-09-05 17:03:28.726 FileIdExtension] Configured File ID manager: ArbitraryFileIdManager
[I 2023-09-05 17:03:28.726 FileIdExtension] ArbitraryFileIdManager : Configured root dir: /gpfs/work2/0/ttse0619/qianqian
[I 2023-09-05 17:03:28.726 FileIdExtension] ArbitraryFileIdManager : Configured database path: /gpfs/home2/qiahan/.local/share/jupyter/file_id_manager.db
[I 2023-09-05 17:03:28.726 FileIdExtension] ArbitraryFileIdManager : Successfully connected to database file.
[I 2023-09-05 17:03:28.726 FileIdExtension] ArbitraryFileIdManager : Creating File ID tables and indices with journal_mode = DELETE
[I 2023-09-05 17:03:28.728 FileIdExtension] Attached event listeners.
[I 2023-09-05 17:03:28.728 ServerApp] jupyter_server_fileid | extension was successfully loaded.
[I 2023-09-05 17:03:28.728 ServerApp] jupyter_server_mathjax | extension was successfully loaded.
[I 2023-09-05 17:03:28.747 ServerApp] jupyter_server_proxy | extension was successfully loaded.
[I 2023-09-05 17:03:28.748 ServerApp] jupyter_server_terminals | extension was successfully loaded.
[I 2023-09-05 17:03:28.749 ServerApp] jupyter_server_ydoc | extension was successfully loaded.
[I 2023-09-05 17:03:28.757 LabApp] JupyterLab extension loaded from /home/qiahan/.conda/envs/mamba/envs/emulator/lib/python3.9/site-packages/jupyterlab
[I 2023-09-05 17:03:28.757 LabApp] JupyterLab application directory is /gpfs/home2/qiahan/.conda/envs/mamba/envs/emulator/share/jupyter/lab
[I 2023-09-05 17:03:28.761 ServerApp] jupyterlab | extension was successfully loaded.
[I 2023-09-05 17:03:28.767 ServerApp] jupyterlab_git | extension was successfully loaded.
[I 2023-09-05 17:03:28.781 ServerApp] nbclassic | extension was successfully loaded.
[I 2023-09-05 17:03:28.918 ServerApp] nbdime | extension was successfully loaded.
[I 2023-09-05 17:03:28.919 ServerApp] Serving notebooks from local directory: /gpfs/work2/0/ttse0619/qianqian
[I 2023-09-05 17:03:28.919 ServerApp] Jupyter Server 2.5.0 is running at:
[I 2023-09-05 17:03:28.919 ServerApp] http://localhost:5521/lab?token=aad40b0ed3336ddd4db60af88490f7c5b825b727dd908400
[I 2023-09-05 17:03:28.919 ServerApp]     http://127.0.0.1:5521/lab?token=aad40b0ed3336ddd4db60af88490f7c5b825b727dd908400
[I 2023-09-05 17:03:28.919 ServerApp] Use Control-C to stop this server and shut down all kernels (twice to skip confirmation).
[C 2023-09-05 17:03:28.927 ServerApp] 
    
    To access the server, open this file in a browser:
        file:///gpfs/home2/qiahan/.local/share/jupyter/runtime/jpserver-59346-open.html
    Or copy and paste one of these URLs:
        http://localhost:5521/lab?token=aad40b0ed3336ddd4db60af88490f7c5b825b727dd908400
        http://127.0.0.1:5521/lab?token=aad40b0ed3336ddd4db60af88490f7c5b825b727dd908400
[I 2023-09-05 17:04:05.001 LabApp] Generating new user for token-authenticated request: b1f97e4485744e93abeacd4a9a24224c
[I 2023-09-05 17:04:13.026 LabApp] Build is up to date
[I 2023-09-05 17:04:17.436 ServerApp] Kernel started: 5cf1e7a9-ff06-4c4f-9447-3cb60eb49952
[I 2023-09-05 17:04:17.442 ServerApp] Kernel started: 1a42acad-147f-4d90-be4e-9daa961255a3
[I 2023-09-05 17:04:18.209 ServerApp] Connecting to kernel 5cf1e7a9-ff06-4c4f-9447-3cb60eb49952.
[I 2023-09-05 17:04:18.222 ServerApp] Connecting to kernel 1a42acad-147f-4d90-be4e-9daa961255a3.
[I 2023-09-05 17:04:18.310 ServerApp] Connecting to kernel 1a42acad-147f-4d90-be4e-9daa961255a3.
[I 2023-09-05 17:04:18.331 ServerApp] Connecting to kernel 1a42acad-147f-4d90-be4e-9daa961255a3.
[I 2023-09-05 17:16:05.439 ServerApp] Connecting to kernel 1a42acad-147f-4d90-be4e-9daa961255a3.
[I 2023-09-05 17:16:27.263 ServerApp] Kernel restarted: 1a42acad-147f-4d90-be4e-9daa961255a3
[I 2023-09-05 17:16:27.428 ServerApp] Connecting to kernel 1a42acad-147f-4d90-be4e-9daa961255a3.
[I 2023-09-05 17:18:05.632 ServerApp] Saving file at /global_data_Qianqian/Emulator/2daskParallel/0905_1year.ipynb
[I 2023-09-05 17:20:06.640 ServerApp] Saving file at /global_data_Qianqian/Emulator/2daskParallel/0905_1year.ipynb
[I 2023-09-05 17:22:07.631 ServerApp] Saving file at /global_data_Qianqian/Emulator/2daskParallel/0905_1year.ipynb
[I 2023-09-05 17:24:08.607 ServerApp] Saving file at /global_data_Qianqian/Emulator/2daskParallel/0905_1year.ipynb
[I 2023-09-05 17:28:09.653 ServerApp] Saving file at /global_data_Qianqian/Emulator/2daskParallel/0905_1year.ipynb
[I 2023-09-05 17:28:22.604 ServerApp] Saving file at /global_data_Qianqian/Emulator/2daskParallel/0905_1year.ipynb
[I 2023-09-05 17:30:23.611 ServerApp] Saving file at /global_data_Qianqian/Emulator/2daskParallel/0905_1year.ipynb
/home/qiahan/.conda/envs/firstEnv/lib/python3.9/site-packages/sklearn/preprocessing/_encoders.py:868: FutureWarning: `sparse` was renamed to `sparse_output` in version 1.2 and will be removed in 1.4. `sparse_output` is ignored unless you leave `sparse` to its default value.
  warnings.warn(
/home/qiahan/.conda/envs/firstEnv/lib/python3.9/site-packages/sklearn/preprocessing/_encoders.py:868: FutureWarning: `sparse` was renamed to `sparse_output` in version 1.2 and will be removed in 1.4. `sparse_output` is ignored unless you leave `sparse` to its default value.
  warnings.warn(
/home/qiahan/.conda/envs/firstEnv/lib/python3.9/site-packages/sklearn/preprocessing/_encoders.py:868: FutureWarning: `sparse` was renamed to `sparse_output` in version 1.2 and will be removed in 1.4. `sparse_output` is ignored unless you leave `sparse` to its default value.
  warnings.warn(
/home/qiahan/.conda/envs/firstEnv/lib/python3.9/site-packages/sklearn/preprocessing/_encoders.py:868: FutureWarning: `sparse` was renamed to `sparse_output` in version 1.2 and will be removed in 1.4. `sparse_output` is ignored unless you leave `sparse` to its default value.
  warnings.warn(
/home/qiahan/.conda/envs/firstEnv/lib/python3.9/site-packages/sklearn/preprocessing/_encoders.py:868: FutureWarning: `sparse` was renamed to `sparse_output` in version 1.2 and will be removed in 1.4. `sparse_output` is ignored unless you leave `sparse` to its default value.
  warnings.warn(
/home/qiahan/.conda/envs/firstEnv/lib/python3.9/site-packages/sklearn/preprocessing/_encoders.py:868: FutureWarning: `sparse` was renamed to `sparse_output` in version 1.2 and will be removed in 1.4. `sparse_output` is ignored unless you leave `sparse` to its default value.
  warnings.warn(
/home/qiahan/.conda/envs/firstEnv/lib/python3.9/site-packages/sklearn/preprocessing/_encoders.py:868: FutureWarning: `sparse` was renamed to `sparse_output` in version 1.2 and will be removed in 1.4. `sparse_output` is ignored unless you leave `sparse` to its default value.
  warnings.warn(
/home/qiahan/.conda/envs/firstEnv/lib/python3.9/site-packages/sklearn/preprocessing/_encoders.py:868: FutureWarning: `sparse` was renamed to `sparse_output` in version 1.2 and will be removed in 1.4. `sparse_output` is ignored unless you leave `sparse` to its default value.
  warnings.warn(
[I 2023-09-05 17:32:04.942 ServerApp] Trying to establish websocket connection to ws://localhost:39561/status/ws
[I 2023-09-05 17:32:04.947 ServerApp] Websocket connection established to ws://localhost:39561/status/ws
/home/qiahan/.conda/envs/firstEnv/lib/python3.9/site-packages/sklearn/base.py:439: UserWarning: X does not have valid feature names, but RandomForestRegressor was fitted with feature names
  warnings.warn(
/home/qiahan/.conda/envs/firstEnv/lib/python3.9/site-packages/sklearn/base.py:439: UserWarning: X does not have valid feature names, but RandomForestRegressor was fitted with feature names
  warnings.warn(
/home/qiahan/.conda/envs/firstEnv/lib/python3.9/site-packages/sklearn/base.py:439: UserWarning: X does not have valid feature names, but RandomForestRegressor was fitted with feature names
  warnings.warn(
/home/qiahan/.conda/envs/firstEnv/lib/python3.9/site-packages/sklearn/base.py:439: UserWarning: X does not have valid feature names, but RandomForestRegressor was fitted with feature names
  warnings.warn(
/home/qiahan/.conda/envs/firstEnv/lib/python3.9/site-packages/sklearn/base.py:439: UserWarning: X does not have valid feature names, but RandomForestRegressor was fitted with feature names
  warnings.warn(
/home/qiahan/.conda/envs/firstEnv/lib/python3.9/site-packages/sklearn/base.py:439: UserWarning: X does not have valid feature names, but RandomForestRegressor was fitted with feature names
  warnings.warn(
/home/qiahan/.conda/envs/firstEnv/lib/python3.9/site-packages/sklearn/base.py:439: UserWarning: X does not have valid feature names, but RandomForestRegressor was fitted with feature names
  warnings.warn(
/home/qiahan/.conda/envs/firstEnv/lib/python3.9/site-packages/sklearn/base.py:439: UserWarning: X does not have valid feature names, but RandomForestRegressor was fitted with feature names
  warnings.warn(
/home/qiahan/.conda/envs/firstEnv/lib/python3.9/site-packages/sklearn/base.py:439: UserWarning: X does not have valid feature names, but RandomForestRegressor was fitted with feature names
  warnings.warn(
/home/qiahan/.conda/envs/firstEnv/lib/python3.9/site-packages/sklearn/base.py:439: UserWarning: X does not have valid feature names, but RandomForestRegressor was fitted with feature names
  warnings.warn(
/home/qiahan/.conda/envs/firstEnv/lib/python3.9/site-packages/sklearn/base.py:439: UserWarning: X does not have valid feature names, but RandomForestRegressor was fitted with feature names
  warnings.warn(
/home/qiahan/.conda/envs/firstEnv/lib/python3.9/site-packages/sklearn/base.py:439: UserWarning: X does not have valid feature names, but RandomForestRegressor was fitted with feature names
  warnings.warn(
/home/qiahan/.conda/envs/firstEnv/lib/python3.9/site-packages/sklearn/base.py:439: UserWarning: X does not have valid feature names, but RandomForestRegressor was fitted with feature names
  warnings.warn(
/home/qiahan/.conda/envs/firstEnv/lib/python3.9/site-packages/sklearn/base.py:439: UserWarning: X does not have valid feature names, but RandomForestRegressor was fitted with feature names
  warnings.warn(
/home/qiahan/.conda/envs/firstEnv/lib/python3.9/site-packages/sklearn/base.py:439: UserWarning: X does not have valid feature names, but RandomForestRegressor was fitted with feature names
  warnings.warn(
/home/qiahan/.conda/envs/firstEnv/lib/python3.9/site-packages/sklearn/base.py:439: UserWarning: X does not have valid feature names, but RandomForestRegressor was fitted with feature names
  warnings.warn(
/home/qiahan/.conda/envs/firstEnv/lib/python3.9/site-packages/sklearn/base.py:439: UserWarning: X does not have valid feature names, but RandomForestRegressor was fitted with feature names
  warnings.warn(
/home/qiahan/.conda/envs/firstEnv/lib/python3.9/site-packages/sklearn/base.py:439: UserWarning: X does not have valid feature names, but RandomForestRegressor was fitted with feature names
  warnings.warn(
/home/qiahan/.conda/envs/firstEnv/lib/python3.9/site-packages/sklearn/base.py:439: UserWarning: X does not have valid feature names, but RandomForestRegressor was fitted with feature names
  warnings.warn(
/home/qiahan/.conda/envs/firstEnv/lib/python3.9/site-packages/sklearn/base.py:439: UserWarning: X does not have valid feature names, but RandomForestRegressor was fitted with feature names
  warnings.warn(
/home/qiahan/.conda/envs/firstEnv/lib/python3.9/site-packages/sklearn/base.py:439: UserWarning: X does not have valid feature names, but RandomForestRegressor was fitted with feature names
  warnings.warn(
/home/qiahan/.conda/envs/firstEnv/lib/python3.9/site-packages/sklearn/base.py:439: UserWarning: X does not have valid feature names, but RandomForestRegressor was fitted with feature names
  warnings.warn(
/home/qiahan/.conda/envs/firstEnv/lib/python3.9/site-packages/sklearn/base.py:439: UserWarning: X does not have valid feature names, but RandomForestRegressor was fitted with feature names
  warnings.warn(
/home/qiahan/.conda/envs/firstEnv/lib/python3.9/site-packages/sklearn/base.py:439: UserWarning: X does not have valid feature names, but RandomForestRegressor was fitted with feature names
  warnings.warn(
/home/qiahan/.conda/envs/firstEnv/lib/python3.9/site-packages/sklearn/base.py:439: UserWarning: X does not have valid feature names, but RandomForestRegressor was fitted with feature names
  warnings.warn(
/home/qiahan/.conda/envs/firstEnv/lib/python3.9/site-packages/sklearn/base.py:439: UserWarning: X does not have valid feature names, but RandomForestRegressor was fitted with feature names
  warnings.warn(
/home/qiahan/.conda/envs/firstEnv/lib/python3.9/site-packages/sklearn/base.py:439: UserWarning: X does not have valid feature names, but RandomForestRegressor was fitted with feature names
  warnings.warn(
/home/qiahan/.conda/envs/firstEnv/lib/python3.9/site-packages/sklearn/base.py:439: UserWarning: X does not have valid feature names, but RandomForestRegressor was fitted with feature names
  warnings.warn(
/home/qiahan/.conda/envs/firstEnv/lib/python3.9/site-packages/sklearn/base.py:439: UserWarning: X does not have valid feature names, but RandomForestRegressor was fitted with feature names
  warnings.warn(
/home/qiahan/.conda/envs/firstEnv/lib/python3.9/site-packages/sklearn/base.py:439: UserWarning: X does not have valid feature names, but RandomForestRegressor was fitted with feature names
  warnings.warn(
/home/qiahan/.conda/envs/firstEnv/lib/python3.9/site-packages/sklearn/base.py:439: UserWarning: X does not have valid feature names, but RandomForestRegressor was fitted with feature names
  warnings.warn(
/home/qiahan/.conda/envs/firstEnv/lib/python3.9/site-packages/sklearn/base.py:439: UserWarning: X does not have valid feature names, but RandomForestRegressor was fitted with feature names
  warnings.warn(
/home/qiahan/.conda/envs/firstEnv/lib/python3.9/site-packages/sklearn/base.py:439: UserWarning: X does not have valid feature names, but RandomForestRegressor was fitted with feature names
  warnings.warn(
/home/qiahan/.conda/envs/firstEnv/lib/python3.9/site-packages/sklearn/base.py:439: UserWarning: X does not have valid feature names, but RandomForestRegressor was fitted with feature names
  warnings.warn(
/home/qiahan/.conda/envs/firstEnv/lib/python3.9/site-packages/sklearn/base.py:439: UserWarning: X does not have valid feature names, but RandomForestRegressor was fitted with feature names
  warnings.warn(
/home/qiahan/.conda/envs/firstEnv/lib/python3.9/site-packages/sklearn/preprocessing/_encoders.py:868: FutureWarning: `sparse` was renamed to `sparse_output` in version 1.2 and will be removed in 1.4. `sparse_output` is ignored unless you leave `sparse` to its default value.
  warnings.warn(
/home/qiahan/.conda/envs/firstEnv/lib/python3.9/site-packages/sklearn/base.py:439: UserWarning: X does not have valid feature names, but RandomForestRegressor was fitted with feature names
  warnings.warn(
/home/qiahan/.conda/envs/firstEnv/lib/python3.9/site-packages/sklearn/base.py:439: UserWarning: X does not have valid feature names, but RandomForestRegressor was fitted with feature names
  warnings.warn(
/home/qiahan/.conda/envs/firstEnv/lib/python3.9/site-packages/sklearn/base.py:439: UserWarning: X does not have valid feature names, but RandomForestRegressor was fitted with feature names
  warnings.warn(
/home/qiahan/.conda/envs/firstEnv/lib/python3.9/site-packages/sklearn/base.py:439: UserWarning: X does not have valid feature names, but RandomForestRegressor was fitted with feature names
  warnings.warn(
/home/qiahan/.conda/envs/firstEnv/lib/python3.9/site-packages/sklearn/base.py:439: UserWarning: X does not have valid feature names, but RandomForestRegressor was fitted with feature names
  warnings.warn(
/home/qiahan/.conda/envs/firstEnv/lib/python3.9/site-packages/sklearn/base.py:439: UserWarning: X does not have valid feature names, but RandomForestRegressor was fitted with feature names
  warnings.warn(
/home/qiahan/.conda/envs/firstEnv/lib/python3.9/site-packages/sklearn/base.py:439: UserWarning: X does not have valid feature names, but RandomForestRegressor was fitted with feature names
  warnings.warn(
/home/qiahan/.conda/envs/firstEnv/lib/python3.9/site-packages/sklearn/base.py:439: UserWarning: X does not have valid feature names, but RandomForestRegressor was fitted with feature names
  warnings.warn(
[I 2023-09-05 17:32:24.628 ServerApp] Saving file at /global_data_Qianqian/Emulator/2daskParallel/0905_1year.ipynb
/home/qiahan/.conda/envs/firstEnv/lib/python3.9/site-packages/sklearn/base.py:439: UserWarning: X does not have valid feature names, but RandomForestRegressor was fitted with feature names
  warnings.warn(
/home/qiahan/.conda/envs/firstEnv/lib/python3.9/site-packages/sklearn/base.py:439: UserWarning: X does not have valid feature names, but RandomForestRegressor was fitted with feature names
  warnings.warn(
/home/qiahan/.conda/envs/firstEnv/lib/python3.9/site-packages/sklearn/base.py:439: UserWarning: X does not have valid feature names, but RandomForestRegressor was fitted with feature names
  warnings.warn(
/home/qiahan/.conda/envs/firstEnv/lib/python3.9/site-packages/sklearn/base.py:439: UserWarning: X does not have valid feature names, but RandomForestRegressor was fitted with feature names
  warnings.warn(
/home/qiahan/.conda/envs/firstEnv/lib/python3.9/site-packages/sklearn/base.py:439: UserWarning: X does not have valid feature names, but RandomForestRegressor was fitted with feature names
  warnings.warn(
/home/qiahan/.conda/envs/firstEnv/lib/python3.9/site-packages/sklearn/base.py:439: UserWarning: X does not have valid feature names, but RandomForestRegressor was fitted with feature names
  warnings.warn(
/home/qiahan/.conda/envs/firstEnv/lib/python3.9/site-packages/sklearn/base.py:439: UserWarning: X does not have valid feature names, but RandomForestRegressor was fitted with feature names
  warnings.warn(
/home/qiahan/.conda/envs/firstEnv/lib/python3.9/site-packages/sklearn/base.py:439: UserWarning: X does not have valid feature names, but RandomForestRegressor was fitted with feature names
  warnings.warn(
/home/qiahan/.conda/envs/firstEnv/lib/python3.9/site-packages/sklearn/base.py:439: UserWarning: X does not have valid feature names, but RandomForestRegressor was fitted with feature names
  warnings.warn(
/home/qiahan/.conda/envs/firstEnv/lib/python3.9/site-packages/sklearn/base.py:439: UserWarning: X does not have valid feature names, but RandomForestRegressor was fitted with feature names
  warnings.warn(
/home/qiahan/.conda/envs/firstEnv/lib/python3.9/site-packages/sklearn/base.py:439: UserWarning: X does not have valid feature names, but RandomForestRegressor was fitted with feature names
  warnings.warn(
/home/qiahan/.conda/envs/firstEnv/lib/python3.9/site-packages/sklearn/base.py:439: UserWarning: X does not have valid feature names, but RandomForestRegressor was fitted with feature names
  warnings.warn(
/home/qiahan/.conda/envs/firstEnv/lib/python3.9/site-packages/sklearn/base.py:439: UserWarning: X does not have valid feature names, but RandomForestRegressor was fitted with feature names
  warnings.warn(
/home/qiahan/.conda/envs/firstEnv/lib/python3.9/site-packages/sklearn/base.py:439: UserWarning: X does not have valid feature names, but RandomForestRegressor was fitted with feature names
  warnings.warn(
/home/qiahan/.conda/envs/firstEnv/lib/python3.9/site-packages/sklearn/base.py:439: UserWarning: X does not have valid feature names, but RandomForestRegressor was fitted with feature names
  warnings.warn(
/home/qiahan/.conda/envs/firstEnv/lib/python3.9/site-packages/sklearn/base.py:439: UserWarning: X does not have valid feature names, but RandomForestRegressor was fitted with feature names
  warnings.warn(
/home/qiahan/.conda/envs/firstEnv/lib/python3.9/site-packages/sklearn/base.py:439: UserWarning: X does not have valid feature names, but RandomForestRegressor was fitted with feature names
  warnings.warn(
/home/qiahan/.conda/envs/firstEnv/lib/python3.9/site-packages/sklearn/base.py:439: UserWarning: X does not have valid feature names, but RandomForestRegressor was fitted with feature names
  warnings.warn(
/home/qiahan/.conda/envs/firstEnv/lib/python3.9/site-packages/sklearn/base.py:439: UserWarning: X does not have valid feature names, but RandomForestRegressor was fitted with feature names
  warnings.warn(
/home/qiahan/.conda/envs/firstEnv/lib/python3.9/site-packages/sklearn/base.py:439: UserWarning: X does not have valid feature names, but RandomForestRegressor was fitted with feature names
  warnings.warn(
[I 2023-09-05 17:33:15.523 ServerApp] Saving file at /global_data_Qianqian/Emulator/2daskParallel/0905_1year.ipynb
[I 2023-09-05 17:35:16.503 ServerApp] Saving file at /global_data_Qianqian/Emulator/2daskParallel/0905_1year.ipynb
/home/qiahan/.conda/envs/firstEnv/lib/python3.9/site-packages/sklearn/preprocessing/_encoders.py:868: FutureWarning: `sparse` was renamed to `sparse_output` in version 1.2 and will be removed in 1.4. `sparse_output` is ignored unless you leave `sparse` to its default value.
  warnings.warn(
/home/qiahan/.conda/envs/firstEnv/lib/python3.9/site-packages/sklearn/preprocessing/_encoders.py:868: FutureWarning: `sparse` was renamed to `sparse_output` in version 1.2 and will be removed in 1.4. `sparse_output` is ignored unless you leave `sparse` to its default value.
  warnings.warn(
/home/qiahan/.conda/envs/firstEnv/lib/python3.9/site-packages/sklearn/preprocessing/_encoders.py:868: FutureWarning: `sparse` was renamed to `sparse_output` in version 1.2 and will be removed in 1.4. `sparse_output` is ignored unless you leave `sparse` to its default value.
  warnings.warn(
/home/qiahan/.conda/envs/firstEnv/lib/python3.9/site-packages/sklearn/preprocessing/_encoders.py:868: FutureWarning: `sparse` was renamed to `sparse_output` in version 1.2 and will be removed in 1.4. `sparse_output` is ignored unless you leave `sparse` to its default value.
  warnings.warn(
/home/qiahan/.conda/envs/firstEnv/lib/python3.9/site-packages/sklearn/preprocessing/_encoders.py:868: FutureWarning: `sparse` was renamed to `sparse_output` in version 1.2 and will be removed in 1.4. `sparse_output` is ignored unless you leave `sparse` to its default value.
  warnings.warn(
/home/qiahan/.conda/envs/firstEnv/lib/python3.9/site-packages/sklearn/preprocessing/_encoders.py:868: FutureWarning: `sparse` was renamed to `sparse_output` in version 1.2 and will be removed in 1.4. `sparse_output` is ignored unless you leave `sparse` to its default value.
  warnings.warn(
/home/qiahan/.conda/envs/firstEnv/lib/python3.9/site-packages/sklearn/preprocessing/_encoders.py:868: FutureWarning: `sparse` was renamed to `sparse_output` in version 1.2 and will be removed in 1.4. `sparse_output` is ignored unless you leave `sparse` to its default value.
  warnings.warn(
/home/qiahan/.conda/envs/firstEnv/lib/python3.9/site-packages/sklearn/preprocessing/_encoders.py:868: FutureWarning: `sparse` was renamed to `sparse_output` in version 1.2 and will be removed in 1.4. `sparse_output` is ignored unless you leave `sparse` to its default value.
  warnings.warn(
/home/qiahan/.conda/envs/firstEnv/lib/python3.9/site-packages/sklearn/base.py:439: UserWarning: X does not have valid feature names, but RandomForestRegressor was fitted with feature names
  warnings.warn(
/home/qiahan/.conda/envs/firstEnv/lib/python3.9/site-packages/sklearn/base.py:439: UserWarning: X does not have valid feature names, but RandomForestRegressor was fitted with feature names
  warnings.warn(
/home/qiahan/.conda/envs/firstEnv/lib/python3.9/site-packages/sklearn/base.py:439: UserWarning: X does not have valid feature names, but RandomForestRegressor was fitted with feature names
  warnings.warn(
/home/qiahan/.conda/envs/firstEnv/lib/python3.9/site-packages/sklearn/base.py:439: UserWarning: X does not have valid feature names, but RandomForestRegressor was fitted with feature names
  warnings.warn(
/home/qiahan/.conda/envs/firstEnv/lib/python3.9/site-packages/sklearn/base.py:439: UserWarning: X does not have valid feature names, but RandomForestRegressor was fitted with feature names
  warnings.warn(
/home/qiahan/.conda/envs/firstEnv/lib/python3.9/site-packages/sklearn/base.py:439: UserWarning: X does not have valid feature names, but RandomForestRegressor was fitted with feature names
  warnings.warn(
/home/qiahan/.conda/envs/firstEnv/lib/python3.9/site-packages/sklearn/base.py:439: UserWarning: X does not have valid feature names, but RandomForestRegressor was fitted with feature names
  warnings.warn(
/home/qiahan/.conda/envs/firstEnv/lib/python3.9/site-packages/sklearn/base.py:439: UserWarning: X does not have valid feature names, but RandomForestRegressor was fitted with feature names
  warnings.warn(
/home/qiahan/.conda/envs/firstEnv/lib/python3.9/site-packages/sklearn/base.py:439: UserWarning: X does not have valid feature names, but RandomForestRegressor was fitted with feature names
  warnings.warn(
/home/qiahan/.conda/envs/firstEnv/lib/python3.9/site-packages/sklearn/base.py:439: UserWarning: X does not have valid feature names, but RandomForestRegressor was fitted with feature names
  warnings.warn(
/home/qiahan/.conda/envs/firstEnv/lib/python3.9/site-packages/sklearn/base.py:439: UserWarning: X does not have valid feature names, but RandomForestRegressor was fitted with feature names
  warnings.warn(
/home/qiahan/.conda/envs/firstEnv/lib/python3.9/site-packages/sklearn/base.py:439: UserWarning: X does not have valid feature names, but RandomForestRegressor was fitted with feature names
  warnings.warn(
/home/qiahan/.conda/envs/firstEnv/lib/python3.9/site-packages/sklearn/base.py:439: UserWarning: X does not have valid feature names, but RandomForestRegressor was fitted with feature names
  warnings.warn(
/home/qiahan/.conda/envs/firstEnv/lib/python3.9/site-packages/sklearn/base.py:439: UserWarning: X does not have valid feature names, but RandomForestRegressor was fitted with feature names
  warnings.warn(
/home/qiahan/.conda/envs/firstEnv/lib/python3.9/site-packages/sklearn/base.py:439: UserWarning: X does not have valid feature names, but RandomForestRegressor was fitted with feature names
  warnings.warn(
/home/qiahan/.conda/envs/firstEnv/lib/python3.9/site-packages/sklearn/base.py:439: UserWarning: X does not have valid feature names, but RandomForestRegressor was fitted with feature names
  warnings.warn(
/home/qiahan/.conda/envs/firstEnv/lib/python3.9/site-packages/sklearn/base.py:439: UserWarning: X does not have valid feature names, but RandomForestRegressor was fitted with feature names
  warnings.warn(
/home/qiahan/.conda/envs/firstEnv/lib/python3.9/site-packages/sklearn/base.py:439: UserWarning: X does not have valid feature names, but RandomForestRegressor was fitted with feature names
  warnings.warn(
/home/qiahan/.conda/envs/firstEnv/lib/python3.9/site-packages/sklearn/base.py:439: UserWarning: X does not have valid feature names, but RandomForestRegressor was fitted with feature names
  warnings.warn(
/home/qiahan/.conda/envs/firstEnv/lib/python3.9/site-packages/sklearn/base.py:439: UserWarning: X does not have valid feature names, but RandomForestRegressor was fitted with feature names
  warnings.warn(
/home/qiahan/.conda/envs/firstEnv/lib/python3.9/site-packages/sklearn/base.py:439: UserWarning: X does not have valid feature names, but RandomForestRegressor was fitted with feature names
  warnings.warn(
/home/qiahan/.conda/envs/firstEnv/lib/python3.9/site-packages/sklearn/base.py:439: UserWarning: X does not have valid feature names, but RandomForestRegressor was fitted with feature names
  warnings.warn(
/home/qiahan/.conda/envs/firstEnv/lib/python3.9/site-packages/sklearn/base.py:439: UserWarning: X does not have valid feature names, but RandomForestRegressor was fitted with feature names
  warnings.warn(
/home/qiahan/.conda/envs/firstEnv/lib/python3.9/site-packages/sklearn/base.py:439: UserWarning: X does not have valid feature names, but RandomForestRegressor was fitted with feature names
  warnings.warn(
/home/qiahan/.conda/envs/firstEnv/lib/python3.9/site-packages/sklearn/base.py:439: UserWarning: X does not have valid feature names, but RandomForestRegressor was fitted with feature names
  warnings.warn(
/home/qiahan/.conda/envs/firstEnv/lib/python3.9/site-packages/sklearn/base.py:439: UserWarning: X does not have valid feature names, but RandomForestRegressor was fitted with feature names
  warnings.warn(
/home/qiahan/.conda/envs/firstEnv/lib/python3.9/site-packages/sklearn/base.py:439: UserWarning: X does not have valid feature names, but RandomForestRegressor was fitted with feature names
  warnings.warn(
/home/qiahan/.conda/envs/firstEnv/lib/python3.9/site-packages/sklearn/base.py:439: UserWarning: X does not have valid feature names, but RandomForestRegressor was fitted with feature names
  warnings.warn(
/home/qiahan/.conda/envs/firstEnv/lib/python3.9/site-packages/sklearn/base.py:439: UserWarning: X does not have valid feature names, but RandomForestRegressor was fitted with feature names
  warnings.warn(
/home/qiahan/.conda/envs/firstEnv/lib/python3.9/site-packages/sklearn/base.py:439: UserWarning: X does not have valid feature names, but RandomForestRegressor was fitted with feature names
  warnings.warn(
/home/qiahan/.conda/envs/firstEnv/lib/python3.9/site-packages/sklearn/base.py:439: UserWarning: X does not have valid feature names, but RandomForestRegressor was fitted with feature names
  warnings.warn(
/home/qiahan/.conda/envs/firstEnv/lib/python3.9/site-packages/sklearn/base.py:439: UserWarning: X does not have valid feature names, but RandomForestRegressor was fitted with feature names
  warnings.warn(
/home/qiahan/.conda/envs/firstEnv/lib/python3.9/site-packages/sklearn/base.py:439: UserWarning: X does not have valid feature names, but RandomForestRegressor was fitted with feature names
  warnings.warn(
/home/qiahan/.conda/envs/firstEnv/lib/python3.9/site-packages/sklearn/base.py:439: UserWarning: X does not have valid feature names, but RandomForestRegressor was fitted with feature names
  warnings.warn(
/home/qiahan/.conda/envs/firstEnv/lib/python3.9/site-packages/sklearn/base.py:439: UserWarning: X does not have valid feature names, but RandomForestRegressor was fitted with feature names
  warnings.warn(
/home/qiahan/.conda/envs/firstEnv/lib/python3.9/site-packages/sklearn/base.py:439: UserWarning: X does not have valid feature names, but RandomForestRegressor was fitted with feature names
  warnings.warn(
/home/qiahan/.conda/envs/firstEnv/lib/python3.9/site-packages/sklearn/base.py:439: UserWarning: X does not have valid feature names, but RandomForestRegressor was fitted with feature names
  warnings.warn(
/home/qiahan/.conda/envs/firstEnv/lib/python3.9/site-packages/sklearn/base.py:439: UserWarning: X does not have valid feature names, but RandomForestRegressor was fitted with feature names
  warnings.warn(
/home/qiahan/.conda/envs/firstEnv/lib/python3.9/site-packages/sklearn/base.py:439: UserWarning: X does not have valid feature names, but RandomForestRegressor was fitted with feature names
  warnings.warn(
/home/qiahan/.conda/envs/firstEnv/lib/python3.9/site-packages/sklearn/base.py:439: UserWarning: X does not have valid feature names, but RandomForestRegressor was fitted with feature names
  warnings.warn(
/home/qiahan/.conda/envs/firstEnv/lib/python3.9/site-packages/sklearn/base.py:439: UserWarning: X does not have valid feature names, but RandomForestRegressor was fitted with feature names
  warnings.warn(
/home/qiahan/.conda/envs/firstEnv/lib/python3.9/site-packages/sklearn/base.py:439: UserWarning: X does not have valid feature names, but RandomForestRegressor was fitted with feature names
  warnings.warn(
/home/qiahan/.conda/envs/firstEnv/lib/python3.9/site-packages/sklearn/base.py:439: UserWarning: X does not have valid feature names, but RandomForestRegressor was fitted with feature names
  warnings.warn(
/home/qiahan/.conda/envs/firstEnv/lib/python3.9/site-packages/sklearn/base.py:439: UserWarning: X does not have valid feature names, but RandomForestRegressor was fitted with feature names
  warnings.warn(
/home/qiahan/.conda/envs/firstEnv/lib/python3.9/site-packages/sklearn/base.py:439: UserWarning: X does not have valid feature names, but RandomForestRegressor was fitted with feature names
  warnings.warn(
/home/qiahan/.conda/envs/firstEnv/lib/python3.9/site-packages/sklearn/base.py:439: UserWarning: X does not have valid feature names, but RandomForestRegressor was fitted with feature names
  warnings.warn(
/home/qiahan/.conda/envs/firstEnv/lib/python3.9/site-packages/sklearn/base.py:439: UserWarning: X does not have valid feature names, but RandomForestRegressor was fitted with feature names
  warnings.warn(
/home/qiahan/.conda/envs/firstEnv/lib/python3.9/site-packages/sklearn/base.py:439: UserWarning: X does not have valid feature names, but RandomForestRegressor was fitted with feature names
  warnings.warn(
/home/qiahan/.conda/envs/firstEnv/lib/python3.9/site-packages/sklearn/base.py:439: UserWarning: X does not have valid feature names, but RandomForestRegressor was fitted with feature names
  warnings.warn(
/home/qiahan/.conda/envs/firstEnv/lib/python3.9/site-packages/sklearn/base.py:439: UserWarning: X does not have valid feature names, but RandomForestRegressor was fitted with feature names
  warnings.warn(
/home/qiahan/.conda/envs/firstEnv/lib/python3.9/site-packages/sklearn/base.py:439: UserWarning: X does not have valid feature names, but RandomForestRegressor was fitted with feature names
  warnings.warn(
/home/qiahan/.conda/envs/firstEnv/lib/python3.9/site-packages/sklearn/base.py:439: UserWarning: X does not have valid feature names, but RandomForestRegressor was fitted with feature names
  warnings.warn(
/home/qiahan/.conda/envs/firstEnv/lib/python3.9/site-packages/sklearn/base.py:439: UserWarning: X does not have valid feature names, but RandomForestRegressor was fitted with feature names
  warnings.warn(
/home/qiahan/.conda/envs/firstEnv/lib/python3.9/site-packages/sklearn/base.py:439: UserWarning: X does not have valid feature names, but RandomForestRegressor was fitted with feature names
  warnings.warn(
/home/qiahan/.conda/envs/firstEnv/lib/python3.9/site-packages/sklearn/base.py:439: UserWarning: X does not have valid feature names, but RandomForestRegressor was fitted with feature names
  warnings.warn(
/home/qiahan/.conda/envs/firstEnv/lib/python3.9/site-packages/sklearn/base.py:439: UserWarning: X does not have valid feature names, but RandomForestRegressor was fitted with feature names
  warnings.warn(
/home/qiahan/.conda/envs/firstEnv/lib/python3.9/site-packages/sklearn/preprocessing/_encoders.py:868: FutureWarning: `sparse` was renamed to `sparse_output` in version 1.2 and will be removed in 1.4. `sparse_output` is ignored unless you leave `sparse` to its default value.
  warnings.warn(
[I 2023-09-05 17:37:17.538 ServerApp] Saving file at /global_data_Qianqian/Emulator/2daskParallel/0905_1year.ipynb
/home/qiahan/.conda/envs/firstEnv/lib/python3.9/site-packages/sklearn/base.py:439: UserWarning: X does not have valid feature names, but RandomForestRegressor was fitted with feature names
  warnings.warn(
/home/qiahan/.conda/envs/firstEnv/lib/python3.9/site-packages/sklearn/base.py:439: UserWarning: X does not have valid feature names, but RandomForestRegressor was fitted with feature names
  warnings.warn(
/home/qiahan/.conda/envs/firstEnv/lib/python3.9/site-packages/sklearn/base.py:439: UserWarning: X does not have valid feature names, but RandomForestRegressor was fitted with feature names
  warnings.warn(
/home/qiahan/.conda/envs/firstEnv/lib/python3.9/site-packages/sklearn/base.py:439: UserWarning: X does not have valid feature names, but RandomForestRegressor was fitted with feature names
  warnings.warn(
/home/qiahan/.conda/envs/firstEnv/lib/python3.9/site-packages/sklearn/base.py:439: UserWarning: X does not have valid feature names, but RandomForestRegressor was fitted with feature names
  warnings.warn(
/home/qiahan/.conda/envs/firstEnv/lib/python3.9/site-packages/sklearn/base.py:439: UserWarning: X does not have valid feature names, but RandomForestRegressor was fitted with feature names
  warnings.warn(
/home/qiahan/.conda/envs/firstEnv/lib/python3.9/site-packages/sklearn/base.py:439: UserWarning: X does not have valid feature names, but RandomForestRegressor was fitted with feature names
  warnings.warn(
[I 2023-09-05 17:39:04.289 ServerApp] Saving file at /global_data_Qianqian/Emulator/2daskParallel/0905_1year.ipynb
[I 2023-09-05 17:41:05.346 ServerApp] Saving file at /global_data_Qianqian/Emulator/2daskParallel/0905_1year.ipynb
[I 2023-09-05 17:43:06.344 ServerApp] Saving file at /global_data_Qianqian/Emulator/2daskParallel/0905_1year.ipynb
[I 2023-09-05 17:45:07.306 ServerApp] Saving file at /global_data_Qianqian/Emulator/2daskParallel/0905_1year.ipynb
[I 2023-09-05 17:45:51.503 ServerApp] Saving file at /global_data_Qianqian/Emulator/2daskParallel/0905_1year.ipynb
[I 2023-09-05 17:46:20.478 ServerApp] Saving file at /global_data_Qianqian/Emulator/2daskParallel/0905_1year.ipynb
[I 2023-09-05 17:46:35.885 ServerApp] Saving file at /global_data_Qianqian/Emulator/2daskParallel/0905_1year.ipynb
[I 2023-09-05 17:48:27.123 ServerApp] Saving file at /global_data_Qianqian/Emulator/2daskParallel/0905_2000steps.ipynb
[I 2023-09-05 17:48:36.883 ServerApp] Saving file at /global_data_Qianqian/Emulator/2daskParallel/0905_1year.ipynb
[I 2023-09-05 17:54:17.748 ServerApp] Saving file at /global_data_Qianqian/Emulator/2daskParallel/0905_1year.ipynb
[I 2023-09-05 17:54:48.304 ServerApp] Saving file at /global_data_Qianqian/Emulator/2daskParallel/0905_1year.ipynb
[I 2023-09-05 18:00:31.425 ServerApp] Saving file at /global_data_Qianqian/Emulator/2daskParallel/0905_1year.ipynb
[I 2023-09-05 18:00:59.407 ServerApp] Saving file at /global_data_Qianqian/Emulator/2daskParallel/0905_1year.ipynb
[I 2023-09-05 18:01:43.027 ServerApp] Saving file at /global_data_Qianqian/Emulator/2daskParallel/0905_1year.ipynb
[I 2023-09-05 18:01:45.835 ServerApp] Saving file at /global_data_Qianqian/Emulator/2daskParallel/0905_1year.ipynb
[I 2023-09-05 18:03:11.987 ServerApp] Saving file at /global_data_Qianqian/Emulator/2daskParallel/0905_1year.ipynb
slurmstepd: error: *** JOB 3749313 ON fcn39 CANCELLED AT 2023-09-05T18:03:13 DUE TO TIME LIMIT ***
[I 2023-09-05 18:03:13.542 ServerApp] Starting buffering for 1a42acad-147f-4d90-be4e-9daa961255a3:20645e89-6c1e-489a-803b-4c77e2a7515f
[I 2023-09-05 18:03:13.542 ServerApp] Starting buffering for 5cf1e7a9-ff06-4c4f-9447-3cb60eb49952:95eb8d96-094b-4f66-b647-b7ad5a767829

JOB STATISTICS
==============
Job ID: 3749313
Cluster: snellius
User/Group: qiahan/qiahan
State: TIMEOUT (exit code 0)
Nodes: 1
Cores per node: 16
CPU Utilized: 00:00:04
CPU Efficiency: 0.01% of 16:00:16 core-walltime
Job Wall-clock time: 01:00:01
Memory Utilized: 34.27 GB
Memory Efficiency: 28.56% of 120.00 GB
